3 readobsnav: ts=1970/01/01 00:00:00 n=2
3 readrnxt: file=D:\\source\\RTKLIB-rtklib_2.4.3\\test\\data\\rinex\\07590920.05o rcv=1
3 expath  : path=D:\\source\\RTKLIB-rtklib_2.4.3\\test\\data\\rinex\\07590920.05o nmax=1024
3 readrnxfile: file=D:\\source\\RTKLIB-rtklib_2.4.3\\test\\data\\rinex\\07590920.05o flag=0 index=1
3 rtk_uncompress: file=D:\\source\\RTKLIB-rtklib_2.4.3\\test\\data\\rinex\\07590920.05o
3 rtk_uncompress: stat=0
3 readrnxfp: flag=0 index=1
3 readrnxh:
4 decode_obsh: ver=2.10
4 decode_obsh: ver=2.10
4 decode_obsh: ver=2.10
4 decode_obsh: ver=2.10
4 decode_obsh: ver=2.10
4 decode_obsh: ver=2.10
4 decode_obsh: ver=2.10
4 decode_obsh: ver=2.10
3 convcode: ver=2.10 sys= 1 type= L1 -> L1C
3 convcode: ver=2.10 sys= 4 type= L1 -> L1C
3 convcode: ver=2.10 sys= 8 type= L1 -> L1X
3 convcode: ver=2.10 sys=16 type= L1 -> L1C
3 convcode: ver=2.10 sys= 2 type= L1 -> L1C
3 convcode: ver=2.10 sys=32 type= L1 ->    
3 convcode: ver=2.10 sys= 1 type= C1 -> C1C
3 convcode: ver=2.10 sys= 4 type= C1 -> C1C
3 convcode: ver=2.10 sys= 8 type= C1 -> C1X
3 convcode: ver=2.10 sys=16 type= C1 -> C1C
3 convcode: ver=2.10 sys= 2 type= C1 -> C1C
3 convcode: ver=2.10 sys=32 type= C1 ->    
3 convcode: ver=2.10 sys= 1 type= L2 -> L2W
3 convcode: ver=2.10 sys= 4 type= L2 -> L2P
3 convcode: ver=2.10 sys= 8 type= L2 ->    
3 convcode: ver=2.10 sys=16 type= L2 -> L2X
3 convcode: ver=2.10 sys= 2 type= L2 ->    
3 convcode: ver=2.10 sys=32 type= L2 -> L2X
3 convcode: ver=2.10 sys= 1 type= P2 -> C2W
3 convcode: ver=2.10 sys= 4 type= P2 -> C2P
3 convcode: ver=2.10 sys= 8 type= P2 ->    
3 convcode: ver=2.10 sys=16 type= P2 ->    
3 convcode: ver=2.10 sys= 2 type= P2 ->    
3 convcode: ver=2.10 sys=32 type= P2 ->    
4 decode_obsh: ver=2.10
4 decode_obsh: ver=2.10
4 decode_obsh: ver=2.10
4 readrnxobs: rcv=1 ver=2.10 tsys=9376032
4 decode_obsepoch: ver=2.10
4 decode_obsepoch: time=2005/04/02 00:00:00.000 flag=0
4 decode_obsdata: ver=2.10
4 decode_obsdata: time=2005/04/02 00:00:00 sat= 3
4 decode_obsdata: ver=2.10
4 decode_obsdata: time=2005/04/02 00:00:00 sat= 7
4 decode_obsdata: ver=2.10
4 decode_obsdata: time=2005/04/02 00:00:00 sat= 8
4 decode_obsdata: ver=2.10
4 decode_obsdata: time=2005/04/02 00:00:00 sat=11
4 decode_obsdata: ver=2.10
4 decode_obsdata: time=2005/04/02 00:00:00 sat=19
4 decode_obsdata: ver=2.10
4 decode_obsdata: time=2005/04/02 00:00:00 sat=20
4 decode_obsdata: ver=2.10
4 decode_obsdata: time=2005/04/02 00:00:00 sat=24
4 decode_obsdata: ver=2.10
4 decode_obsdata: time=2005/04/02 00:00:00 sat=28
4 decode_obsepoch: ver=2.10
4 decode_obsepoch: time=2005/04/02 00:00:30.000 flag=0
4 decode_obsdata: ver=2.10
4 decode_obsdata: time=2005/04/02 00:00:30 sat= 3
4 decode_obsdata: ver=2.10
4 decode_obsdata: time=2005/04/02 00:00:30 sat= 7
4 decode_obsdata: ver=2.10
4 decode_obsdata: time=2005/04/02 00:00:30 sat= 8
4 decode_obsdata: ver=2.10
4 decode_obsdata: time=2005/04/02 00:00:30 sat=11
4 decode_obsdata: ver=2.10
4 decode_obsdata: time=2005/04/02 00:00:30 sat=19
4 decode_obsdata: ver=2.10
4 decode_obsdata: time=2005/04/02 00:00:30 sat=20
4 decode_obsdata: ver=2.10
4 decode_obsdata: time=2005/04/02 00:00:30 sat=24
4 decode_obsdata: ver=2.10
4 decode_obsdata: time=2005/04/02 00:00:30 sat=28
4 decode_obsepoch: ver=2.10
4 decode_obsepoch: time=2005/04/02 00:01:00.000 flag=0
4 decode_obsdata: ver=2.10
4 decode_obsdata: time=2005/04/02 00:01:00 sat= 3
4 decode_obsdata: ver=2.10
4 decode_obsdata: time=2005/04/02 00:01:00 sat= 7
4 decode_obsdata: ver=2.10
4 decode_obsdata: time=2005/04/02 00:01:00 sat= 8
4 decode_obsdata: ver=2.10
4 decode_obsdata: time=2005/04/02 00:01:00 sat=11
4 decode_obsdata: ver=2.10
4 decode_obsdata: time=2005/04/02 00:01:00 sat=19
4 decode_obsdata: ver=2.10
4 decode_obsdata: time=2005/04/02 00:01:00 sat=20
4 decode_obsdata: ver=2.10
4 decode_obsdata: time=2005/04/02 00:01:00 sat=24
4 decode_obsdata: ver=2.10
4 decode_obsdata: time=2005/04/02 00:01:00 sat=28
4 decode_obsepoch: ver=2.10
4 decode_obsepoch: time=2005/04/02 00:01:30.000 flag=0
4 decode_obsdata: ver=2.10
4 decode_obsdata: time=2005/04/02 00:01:30 sat= 3
4 decode_obsdata: ver=2.10
4 decode_obsdata: time=2005/04/02 00:01:30 sat= 7
4 decode_obsdata: ver=2.10
4 decode_obsdata: time=2005/04/02 00:01:30 sat= 8
4 decode_obsdata: ver=2.10
4 decode_obsdata: time=2005/04/02 00:01:30 sat=11
4 decode_obsdata: ver=2.10
4 decode_obsdata: time=2005/04/02 00:01:30 sat=19
4 decode_obsdata: ver=2.10
4 decode_obsdata: time=2005/04/02 00:01:30 sat=20
4 decode_obsdata: ver=2.10
4 decode_obsdata: time=2005/04/02 00:01:30 sat=24
4 decode_obsdata: ver=2.10
4 decode_obsdata: time=2005/04/02 00:01:30 sat=28
4 decode_obsepoch: ver=2.10
4 decode_obsepoch: time=2005/04/02 00:02:00.000 flag=0
4 decode_obsdata: ver=2.10
4 decode_obsdata: time=2005/04/02 00:02:00 sat= 3
4 decode_obsdata: ver=2.10
4 decode_obsdata: time=2005/04/02 00:02:00 sat= 7
4 decode_obsdata: ver=2.10
4 decode_obsdata: time=2005/04/02 00:02:00 sat= 8
4 decode_obsdata: ver=2.10
4 decode_obsdata: time=2005/04/02 00:02:00 sat=11
4 decode_obsdata: ver=2.10
4 decode_obsdata: time=2005/04/02 00:02:00 sat=19
4 decode_obsdata: ver=2.10
4 decode_obsdata: time=2005/04/02 00:02:00 sat=20
4 decode_obsdata: ver=2.10
4 decode_obsdata: time=2005/04/02 00:02:00 sat=24
4 decode_obsdata: ver=2.10
4 decode_obsdata: time=2005/04/02 00:02:00 sat=28
4 decode_obsepoch: ver=2.10
4 decode_obsepoch: time=2005/04/02 00:02:30.000 flag=0
4 decode_obsdata: ver=2.10
4 decode_obsdata: time=2005/04/02 00:02:30 sat= 3
4 decode_obsdata: ver=2.10
4 decode_obsdata: time=2005/04/02 00:02:30 sat= 7
4 decode_obsdata: ver=2.10
4 decode_obsdata: time=2005/04/02 00:02:30 sat= 8
4 decode_obsdata: ver=2.10
4 decode_obsdata: time=2005/04/02 00:02:30 sat=11
4 decode_obsdata: ver=2.10
4 decode_obsdata: time=2005/04/02 00:02:30 sat=19
4 decode_obsdata: ver=2.10
4 decode_obsdata: time=2005/04/02 00:02:30 sat=20
4 decode_obsdata: ver=2.10
4 decode_obsdata: time=2005/04/02 00:02:30 sat=24
4 decode_obsdata: ver=2.10
4 decode_obsdata: time=2005/04/02 00:02:30 sat=28
4 decode_obsepoch: ver=2.10
4 decode_obsepoch: time=2005/04/02 00:03:00.000 flag=0
4 decode_obsdata: ver=2.10
4 decode_obsdata: time=2005/04/02 00:03:00 sat= 3
4 decode_obsdata: ver=2.10
4 decode_obsdata: time=2005/04/02 00:03:00 sat= 7
4 decode_obsdata: ver=2.10
4 decode_obsdata: time=2005/04/02 00:03:00 sat= 8
4 decode_obsdata: ver=2.10
4 decode_obsdata: time=2005/04/02 00:03:00 sat=11
4 decode_obsdata: ver=2.10
4 decode_obsdata: time=2005/04/02 00:03:00 sat=19
4 decode_obsdata: ver=2.10
4 decode_obsdata: time=2005/04/02 00:03:00 sat=20
4 decode_obsdata: ver=2.10
4 decode_obsdata: time=2005/04/02 00:03:00 sat=24
4 decode_obsdata: ver=2.10
4 decode_obsdata: time=2005/04/02 00:03:00 sat=28
4 decode_obsepoch: ver=2.10
4 decode_obsepoch: time=2005/04/02 00:03:30.000 flag=0
4 decode_obsdata: ver=2.10
4 decode_obsdata: time=2005/04/02 00:03:30 sat= 3
4 decode_obsdata: ver=2.10
4 decode_obsdata: time=2005/04/02 00:03:30 sat= 7
4 decode_obsdata: ver=2.10
4 decode_obsdata: time=2005/04/02 00:03:30 sat= 8
4 decode_obsdata: ver=2.10
4 decode_obsdata: time=2005/04/02 00:03:30 sat=11
4 decode_obsdata: ver=2.10
4 decode_obsdata: time=2005/04/02 00:03:30 sat=19
4 decode_obsdata: ver=2.10
4 decode_obsdata: time=2005/04/02 00:03:30 sat=20
4 decode_obsdata: ver=2.10
4 decode_obsdata: time=2005/04/02 00:03:30 sat=24
4 decode_obsdata: ver=2.10
4 decode_obsdata: time=2005/04/02 00:03:30 sat=28
4 decode_obsepoch: ver=2.10
4 decode_obsepoch: time=2005/04/02 00:04:00.000 flag=0
4 decode_obsdata: ver=2.10
4 decode_obsdata: time=2005/04/02 00:04:00 sat= 3
4 decode_obsdata: ver=2.10
4 decode_obsdata: time=2005/04/02 00:04:00 sat= 7
4 decode_obsdata: ver=2.10
4 decode_obsdata: time=2005/04/02 00:04:00 sat= 8
4 decode_obsdata: ver=2.10
4 decode_obsdata: time=2005/04/02 00:04:00 sat=11
4 decode_obsdata: ver=2.10
4 decode_obsdata: time=2005/04/02 00:04:00 sat=19
4 decode_obsdata: ver=2.10
4 decode_obsdata: time=2005/04/02 00:04:00 sat=20
4 decode_obsdata: ver=2.10
4 decode_obsdata: time=2005/04/02 00:04:00 sat=24
4 decode_obsdata: ver=2.10
4 decode_obsdata: time=2005/04/02 00:04:00 sat=28
4 decode_obsepoch: ver=2.10
4 decode_obsepoch: time=2005/04/02 00:04:30.000 flag=0
4 decode_obsdata: ver=2.10
4 decode_obsdata: time=2005/04/02 00:04:30 sat= 3
4 decode_obsdata: ver=2.10
4 decode_obsdata: time=2005/04/02 00:04:30 sat= 7
4 decode_obsdata: ver=2.10
4 decode_obsdata: time=2005/04/02 00:04:30 sat= 8
4 decode_obsdata: ver=2.10
4 decode_obsdata: time=2005/04/02 00:04:30 sat=11
4 decode_obsdata: ver=2.10
4 decode_obsdata: time=2005/04/02 00:04:30 sat=19
4 decode_obsdata: ver=2.10
4 decode_obsdata: time=2005/04/02 00:04:30 sat=20
4 decode_obsdata: ver=2.10
4 decode_obsdata: time=2005/04/02 00:04:30 sat=24
4 decode_obsdata: ver=2.10
4 decode_obsdata: time=2005/04/02 00:04:30 sat=28
4 decode_obsepoch: ver=2.10
4 decode_obsepoch: time=2005/04/02 00:05:00.000 flag=0
4 decode_obsdata: ver=2.10
4 decode_obsdata: time=2005/04/02 00:05:00 sat= 3
4 decode_obsdata: ver=2.10
4 decode_obsdata: time=2005/04/02 00:05:00 sat= 7
4 decode_obsdata: ver=2.10
4 decode_obsdata: time=2005/04/02 00:05:00 sat= 8
4 decode_obsdata: ver=2.10
4 decode_obsdata: time=2005/04/02 00:05:00 sat=11
4 decode_obsdata: ver=2.10
4 decode_obsdata: time=2005/04/02 00:05:00 sat=19
4 decode_obsdata: ver=2.10
4 decode_obsdata: time=2005/04/02 00:05:00 sat=20
4 decode_obsdata: ver=2.10
4 decode_obsdata: time=2005/04/02 00:05:00 sat=24
4 decode_obsdata: ver=2.10
4 decode_obsdata: time=2005/04/02 00:05:00 sat=28
4 decode_obsepoch: ver=2.10
4 decode_obsepoch: time=2005/04/02 00:05:30.000 flag=0
4 decode_obsdata: ver=2.10
4 decode_obsdata: time=2005/04/02 00:05:30 sat= 3
4 decode_obsdata: ver=2.10
4 decode_obsdata: time=2005/04/02 00:05:30 sat= 7
4 decode_obsdata: ver=2.10
4 decode_obsdata: time=2005/04/02 00:05:30 sat= 8
4 decode_obsdata: ver=2.10
4 decode_obsdata: time=2005/04/02 00:05:30 sat=11
4 decode_obsdata: ver=2.10
4 decode_obsdata: time=2005/04/02 00:05:30 sat=19
4 decode_obsdata: ver=2.10
4 decode_obsdata: time=2005/04/02 00:05:30 sat=20
4 decode_obsdata: ver=2.10
4 decode_obsdata: time=2005/04/02 00:05:30 sat=24
4 decode_obsdata: ver=2.10
4 decode_obsdata: time=2005/04/02 00:05:30 sat=28
4 decode_obsepoch: ver=2.10
4 decode_obsepoch: time=2005/04/02 00:06:00.000 flag=0
4 decode_obsdata: ver=2.10
4 decode_obsdata: time=2005/04/02 00:06:00 sat= 3
4 decode_obsdata: ver=2.10
4 decode_obsdata: time=2005/04/02 00:06:00 sat= 7
4 decode_obsdata: ver=2.10
4 decode_obsdata: time=2005/04/02 00:06:00 sat= 8
4 decode_obsdata: ver=2.10
4 decode_obsdata: time=2005/04/02 00:06:00 sat=11
4 decode_obsdata: ver=2.10
4 decode_obsdata: time=2005/04/02 00:06:00 sat=19
4 decode_obsdata: ver=2.10
4 decode_obsdata: time=2005/04/02 00:06:00 sat=20
4 decode_obsdata: ver=2.10
4 decode_obsdata: time=2005/04/02 00:06:00 sat=24
4 decode_obsdata: ver=2.10
4 decode_obsdata: time=2005/04/02 00:06:00 sat=28
4 decode_obsepoch: ver=2.10
4 decode_obsepoch: time=2005/04/02 00:06:30.000 flag=0
4 decode_obsdata: ver=2.10
4 decode_obsdata: time=2005/04/02 00:06:30 sat= 3
4 decode_obsdata: ver=2.10
4 decode_obsdata: time=2005/04/02 00:06:30 sat= 7
4 decode_obsdata: ver=2.10
4 decode_obsdata: time=2005/04/02 00:06:30 sat= 8
4 decode_obsdata: ver=2.10
4 decode_obsdata: time=2005/04/02 00:06:30 sat=11
4 decode_obsdata: ver=2.10
4 decode_obsdata: time=2005/04/02 00:06:30 sat=19
4 decode_obsdata: ver=2.10
4 decode_obsdata: time=2005/04/02 00:06:30 sat=20
4 decode_obsdata: ver=2.10
4 decode_obsdata: time=2005/04/02 00:06:30 sat=24
4 decode_obsdata: ver=2.10
4 decode_obsdata: time=2005/04/02 00:06:30 sat=28
4 decode_obsepoch: ver=2.10
4 decode_obsepoch: time=2005/04/02 00:07:00.000 flag=0
4 decode_obsdata: ver=2.10
4 decode_obsdata: time=2005/04/02 00:07:00 sat= 3
4 decode_obsdata: ver=2.10
4 decode_obsdata: time=2005/04/02 00:07:00 sat= 7
4 decode_obsdata: ver=2.10
4 decode_obsdata: time=2005/04/02 00:07:00 sat= 8
4 decode_obsdata: ver=2.10
4 decode_obsdata: time=2005/04/02 00:07:00 sat=11
4 decode_obsdata: ver=2.10
4 decode_obsdata: time=2005/04/02 00:07:00 sat=19
4 decode_obsdata: ver=2.10
4 decode_obsdata: time=2005/04/02 00:07:00 sat=20
4 decode_obsdata: ver=2.10
4 decode_obsdata: time=2005/04/02 00:07:00 sat=24
4 decode_obsdata: ver=2.10
4 decode_obsdata: time=2005/04/02 00:07:00 sat=28
4 decode_obsepoch: ver=2.10
4 decode_obsepoch: time=2005/04/02 00:07:30.000 flag=0
4 decode_obsdata: ver=2.10
4 decode_obsdata: time=2005/04/02 00:07:30 sat= 3
4 decode_obsdata: ver=2.10
4 decode_obsdata: time=2005/04/02 00:07:30 sat= 7
4 decode_obsdata: ver=2.10
4 decode_obsdata: time=2005/04/02 00:07:30 sat= 8
4 decode_obsdata: ver=2.10
4 decode_obsdata: time=2005/04/02 00:07:30 sat=11
4 decode_obsdata: ver=2.10
4 decode_obsdata: time=2005/04/02 00:07:30 sat=19
4 decode_obsdata: ver=2.10
4 decode_obsdata: time=2005/04/02 00:07:30 sat=20
4 decode_obsdata: ver=2.10
4 decode_obsdata: time=2005/04/02 00:07:30 sat=24
4 decode_obsdata: ver=2.10
4 decode_obsdata: time=2005/04/02 00:07:30 sat=28
4 decode_obsepoch: ver=2.10
4 decode_obsepoch: time=2005/04/02 00:08:00.000 flag=0
4 decode_obsdata: ver=2.10
4 decode_obsdata: time=2005/04/02 00:08:00 sat= 3
4 decode_obsdata: ver=2.10
4 decode_obsdata: time=2005/04/02 00:08:00 sat= 7
4 decode_obsdata: ver=2.10
4 decode_obsdata: time=2005/04/02 00:08:00 sat= 8
4 decode_obsdata: ver=2.10
4 decode_obsdata: time=2005/04/02 00:08:00 sat=11
4 decode_obsdata: ver=2.10
4 decode_obsdata: time=2005/04/02 00:08:00 sat=19
4 decode_obsdata: ver=2.10
4 decode_obsdata: time=2005/04/02 00:08:00 sat=20
4 decode_obsdata: ver=2.10
4 decode_obsdata: time=2005/04/02 00:08:00 sat=24
4 decode_obsdata: ver=2.10
4 decode_obsdata: time=2005/04/02 00:08:00 sat=28
4 decode_obsepoch: ver=2.10
4 decode_obsepoch: time=2005/04/02 00:08:30.000 flag=0
4 decode_obsdata: ver=2.10
4 decode_obsdata: time=2005/04/02 00:08:30 sat= 3
4 decode_obsdata: ver=2.10
4 decode_obsdata: time=2005/04/02 00:08:30 sat= 7
4 decode_obsdata: ver=2.10
4 decode_obsdata: time=2005/04/02 00:08:30 sat= 8
4 decode_obsdata: ver=2.10
4 decode_obsdata: time=2005/04/02 00:08:30 sat=11
4 decode_obsdata: ver=2.10
4 decode_obsdata: time=2005/04/02 00:08:30 sat=19
4 decode_obsdata: ver=2.10
4 decode_obsdata: time=2005/04/02 00:08:30 sat=20
4 decode_obsdata: ver=2.10
4 decode_obsdata: time=2005/04/02 00:08:30 sat=24
4 decode_obsdata: ver=2.10
4 decode_obsdata: time=2005/04/02 00:08:30 sat=28
4 decode_obsepoch: ver=2.10
4 decode_obsepoch: time=2005/04/02 00:09:00.000 flag=0
4 decode_obsdata: ver=2.10
4 decode_obsdata: time=2005/04/02 00:09:00 sat= 3
4 decode_obsdata: ver=2.10
4 decode_obsdata: time=2005/04/02 00:09:00 sat= 7
4 decode_obsdata: ver=2.10
4 decode_obsdata: time=2005/04/02 00:09:00 sat= 8
4 decode_obsdata: ver=2.10
4 decode_obsdata: time=2005/04/02 00:09:00 sat=11
4 decode_obsdata: ver=2.10
4 decode_obsdata: time=2005/04/02 00:09:00 sat=19
4 decode_obsdata: ver=2.10
4 decode_obsdata: time=2005/04/02 00:09:00 sat=20
4 decode_obsdata: ver=2.10
4 decode_obsdata: time=2005/04/02 00:09:00 sat=24
4 decode_obsdata: ver=2.10
4 decode_obsdata: time=2005/04/02 00:09:00 sat=28
4 decode_obsepoch: ver=2.10
4 decode_obsepoch: time=2005/04/02 00:09:30.001 flag=0
4 decode_obsdata: ver=2.10
4 decode_obsdata: time=2005/04/02 00:09:30 sat= 3
4 decode_obsdata: ver=2.10
4 decode_obsdata: time=2005/04/02 00:09:30 sat= 7
4 decode_obsdata: ver=2.10
4 decode_obsdata: time=2005/04/02 00:09:30 sat= 8
4 decode_obsdata: ver=2.10
4 decode_obsdata: time=2005/04/02 00:09:30 sat=11
4 decode_obsdata: ver=2.10
4 decode_obsdata: time=2005/04/02 00:09:30 sat=19
4 decode_obsdata: ver=2.10
4 decode_obsdata: time=2005/04/02 00:09:30 sat=20
4 decode_obsdata: ver=2.10
4 decode_obsdata: time=2005/04/02 00:09:30 sat=24
4 decode_obsdata: ver=2.10
4 decode_obsdata: time=2005/04/02 00:09:30 sat=28
4 decode_obsepoch: ver=2.10
4 decode_obsepoch: time=2005/04/02 00:10:00.001 flag=0
4 decode_obsdata: ver=2.10
4 decode_obsdata: time=2005/04/02 00:10:00 sat= 3
4 decode_obsdata: ver=2.10
4 decode_obsdata: time=2005/04/02 00:10:00 sat= 7
4 decode_obsdata: ver=2.10
4 decode_obsdata: time=2005/04/02 00:10:00 sat= 8
4 decode_obsdata: ver=2.10
4 decode_obsdata: time=2005/04/02 00:10:00 sat=11
4 decode_obsdata: ver=2.10
4 decode_obsdata: time=2005/04/02 00:10:00 sat=19
4 decode_obsdata: ver=2.10
4 decode_obsdata: time=2005/04/02 00:10:00 sat=20
4 decode_obsdata: ver=2.10
4 decode_obsdata: time=2005/04/02 00:10:00 sat=24
4 decode_obsdata: ver=2.10
4 decode_obsdata: time=2005/04/02 00:10:00 sat=28
4 decode_obsepoch: ver=2.10
4 decode_obsepoch: time=2005/04/02 00:10:30.001 flag=0
4 decode_obsdata: ver=2.10
4 decode_obsdata: time=2005/04/02 00:10:30 sat= 3
4 decode_obsdata: ver=2.10
4 decode_obsdata: time=2005/04/02 00:10:30 sat= 7
4 decode_obsdata: ver=2.10
4 decode_obsdata: time=2005/04/02 00:10:30 sat= 8
4 decode_obsdata: ver=2.10
4 decode_obsdata: time=2005/04/02 00:10:30 sat=11
4 decode_obsdata: ver=2.10
4 decode_obsdata: time=2005/04/02 00:10:30 sat=19
4 decode_obsdata: ver=2.10
4 decode_obsdata: time=2005/04/02 00:10:30 sat=20
4 decode_obsdata: ver=2.10
4 decode_obsdata: time=2005/04/02 00:10:30 sat=24
4 decode_obsdata: ver=2.10
4 decode_obsdata: time=2005/04/02 00:10:30 sat=28
4 decode_obsepoch: ver=2.10
4 decode_obsepoch: time=2005/04/02 00:11:00.001 flag=0
4 decode_obsdata: ver=2.10
4 decode_obsdata: time=2005/04/02 00:11:00 sat= 3
4 decode_obsdata: ver=2.10
4 decode_obsdata: time=2005/04/02 00:11:00 sat= 7
4 decode_obsdata: ver=2.10
4 decode_obsdata: time=2005/04/02 00:11:00 sat= 8
4 decode_obsdata: ver=2.10
4 decode_obsdata: time=2005/04/02 00:11:00 sat=11
4 decode_obsdata: ver=2.10
4 decode_obsdata: time=2005/04/02 00:11:00 sat=19
4 decode_obsdata: ver=2.10
4 decode_obsdata: time=2005/04/02 00:11:00 sat=20
4 decode_obsdata: ver=2.10
4 decode_obsdata: time=2005/04/02 00:11:00 sat=24
4 decode_obsdata: ver=2.10
4 decode_obsdata: time=2005/04/02 00:11:00 sat=28
4 decode_obsepoch: ver=2.10
4 decode_obsepoch: time=2005/04/02 00:11:30.001 flag=0
4 decode_obsdata: ver=2.10
4 decode_obsdata: time=2005/04/02 00:11:30 sat= 3
4 decode_obsdata: ver=2.10
4 decode_obsdata: time=2005/04/02 00:11:30 sat= 7
4 decode_obsdata: ver=2.10
4 decode_obsdata: time=2005/04/02 00:11:30 sat= 8
4 decode_obsdata: ver=2.10
4 decode_obsdata: time=2005/04/02 00:11:30 sat=11
4 decode_obsdata: ver=2.10
4 decode_obsdata: time=2005/04/02 00:11:30 sat=19
4 decode_obsdata: ver=2.10
4 decode_obsdata: time=2005/04/02 00:11:30 sat=20
4 decode_obsdata: ver=2.10
4 decode_obsdata: time=2005/04/02 00:11:30 sat=24
4 decode_obsdata: ver=2.10
4 decode_obsdata: time=2005/04/02 00:11:30 sat=28
4 decode_obsepoch: ver=2.10
4 decode_obsepoch: time=2005/04/02 00:12:00.001 flag=0
4 decode_obsdata: ver=2.10
4 decode_obsdata: time=2005/04/02 00:12:00 sat= 3
4 decode_obsdata: ver=2.10
4 decode_obsdata: time=2005/04/02 00:12:00 sat= 7
4 decode_obsdata: ver=2.10
4 decode_obsdata: time=2005/04/02 00:12:00 sat= 8
4 decode_obsdata: ver=2.10
4 decode_obsdata: time=2005/04/02 00:12:00 sat=11
4 decode_obsdata: ver=2.10
4 decode_obsdata: time=2005/04/02 00:12:00 sat=19
4 decode_obsdata: ver=2.10
4 decode_obsdata: time=2005/04/02 00:12:00 sat=20
4 decode_obsdata: ver=2.10
4 decode_obsdata: time=2005/04/02 00:12:00 sat=24
4 decode_obsdata: ver=2.10
4 decode_obsdata: time=2005/04/02 00:12:00 sat=28
4 decode_obsepoch: ver=2.10
4 decode_obsepoch: time=2005/04/02 00:12:30.001 flag=0
4 decode_obsdata: ver=2.10
4 decode_obsdata: time=2005/04/02 00:12:30 sat= 3
4 decode_obsdata: ver=2.10
4 decode_obsdata: time=2005/04/02 00:12:30 sat= 7
4 decode_obsdata: ver=2.10
4 decode_obsdata: time=2005/04/02 00:12:30 sat= 8
4 decode_obsdata: ver=2.10
4 decode_obsdata: time=2005/04/02 00:12:30 sat=11
4 decode_obsdata: ver=2.10
4 decode_obsdata: time=2005/04/02 00:12:30 sat=19
4 decode_obsdata: ver=2.10
4 decode_obsdata: time=2005/04/02 00:12:30 sat=20
4 decode_obsdata: ver=2.10
4 decode_obsdata: time=2005/04/02 00:12:30 sat=24
4 decode_obsdata: ver=2.10
4 decode_obsdata: time=2005/04/02 00:12:30 sat=28
4 decode_obsepoch: ver=2.10
4 decode_obsepoch: time=2005/04/02 00:13:00.001 flag=0
4 decode_obsdata: ver=2.10
4 decode_obsdata: time=2005/04/02 00:13:00 sat= 3
4 decode_obsdata: ver=2.10
4 decode_obsdata: time=2005/04/02 00:13:00 sat= 7
4 decode_obsdata: ver=2.10
4 decode_obsdata: time=2005/04/02 00:13:00 sat= 8
4 decode_obsdata: ver=2.10
4 decode_obsdata: time=2005/04/02 00:13:00 sat=11
4 decode_obsdata: ver=2.10
4 decode_obsdata: time=2005/04/02 00:13:00 sat=19
4 decode_obsdata: ver=2.10
4 decode_obsdata: time=2005/04/02 00:13:00 sat=20
4 decode_obsdata: ver=2.10
4 decode_obsdata: time=2005/04/02 00:13:00 sat=24
4 decode_obsdata: ver=2.10
4 decode_obsdata: time=2005/04/02 00:13:00 sat=28
4 decode_obsepoch: ver=2.10
4 decode_obsepoch: time=2005/04/02 00:13:30.001 flag=0
4 decode_obsdata: ver=2.10
4 decode_obsdata: time=2005/04/02 00:13:30 sat= 3
4 decode_obsdata: ver=2.10
4 decode_obsdata: time=2005/04/02 00:13:30 sat= 7
4 decode_obsdata: ver=2.10
4 decode_obsdata: time=2005/04/02 00:13:30 sat= 8
4 decode_obsdata: ver=2.10
4 decode_obsdata: time=2005/04/02 00:13:30 sat=11
4 decode_obsdata: ver=2.10
4 decode_obsdata: time=2005/04/02 00:13:30 sat=19
4 decode_obsdata: ver=2.10
4 decode_obsdata: time=2005/04/02 00:13:30 sat=20
4 decode_obsdata: ver=2.10
4 decode_obsdata: time=2005/04/02 00:13:30 sat=24
4 decode_obsdata: ver=2.10
4 decode_obsdata: time=2005/04/02 00:13:30 sat=28
4 decode_obsepoch: ver=2.10
4 decode_obsepoch: time=2005/04/02 00:14:00.001 flag=0
4 decode_obsdata: ver=2.10
4 decode_obsdata: time=2005/04/02 00:14:00 sat= 3
4 decode_obsdata: ver=2.10
4 decode_obsdata: time=2005/04/02 00:14:00 sat= 7
4 decode_obsdata: ver=2.10
4 decode_obsdata: time=2005/04/02 00:14:00 sat= 8
4 decode_obsdata: ver=2.10
4 decode_obsdata: time=2005/04/02 00:14:00 sat=11
4 decode_obsdata: ver=2.10
4 decode_obsdata: time=2005/04/02 00:14:00 sat=19
4 decode_obsdata: ver=2.10
4 decode_obsdata: time=2005/04/02 00:14:00 sat=20
4 decode_obsdata: ver=2.10
4 decode_obsdata: time=2005/04/02 00:14:00 sat=24
4 decode_obsdata: ver=2.10
4 decode_obsdata: time=2005/04/02 00:14:00 sat=28
4 decode_obsepoch: ver=2.10
4 decode_obsepoch: time=2005/04/02 00:14:30.001 flag=0
4 decode_obsdata: ver=2.10
4 decode_obsdata: time=2005/04/02 00:14:30 sat= 3
4 decode_obsdata: ver=2.10
4 decode_obsdata: time=2005/04/02 00:14:30 sat= 7
4 decode_obsdata: ver=2.10
4 decode_obsdata: time=2005/04/02 00:14:30 sat= 8
4 decode_obsdata: ver=2.10
4 decode_obsdata: time=2005/04/02 00:14:30 sat=11
4 decode_obsdata: ver=2.10
4 decode_obsdata: time=2005/04/02 00:14:30 sat=19
4 decode_obsdata: ver=2.10
4 decode_obsdata: time=2005/04/02 00:14:30 sat=20
4 decode_obsdata: ver=2.10
4 decode_obsdata: time=2005/04/02 00:14:30 sat=24
4 decode_obsdata: ver=2.10
4 decode_obsdata: time=2005/04/02 00:14:30 sat=28
4 decode_obsepoch: ver=2.10
4 decode_obsepoch: time=2005/04/02 00:15:00.001 flag=0
4 decode_obsdata: ver=2.10
4 decode_obsdata: time=2005/04/02 00:15:00 sat= 3
4 decode_obsdata: ver=2.10
4 decode_obsdata: time=2005/04/02 00:15:00 sat= 7
4 decode_obsdata: ver=2.10
4 decode_obsdata: time=2005/04/02 00:15:00 sat= 8
4 decode_obsdata: ver=2.10
4 decode_obsdata: time=2005/04/02 00:15:00 sat=11
4 decode_obsdata: ver=2.10
4 decode_obsdata: time=2005/04/02 00:15:00 sat=19
4 decode_obsdata: ver=2.10
4 decode_obsdata: time=2005/04/02 00:15:00 sat=20
4 decode_obsdata: ver=2.10
4 decode_obsdata: time=2005/04/02 00:15:00 sat=24
4 decode_obsdata: ver=2.10
4 decode_obsdata: time=2005/04/02 00:15:00 sat=28
4 decode_obsepoch: ver=2.10
4 decode_obsepoch: time=2005/04/02 00:15:30.001 flag=0
4 decode_obsdata: ver=2.10
4 decode_obsdata: time=2005/04/02 00:15:30 sat= 3
4 decode_obsdata: ver=2.10
4 decode_obsdata: time=2005/04/02 00:15:30 sat= 7
4 decode_obsdata: ver=2.10
4 decode_obsdata: time=2005/04/02 00:15:30 sat= 8
4 decode_obsdata: ver=2.10
4 decode_obsdata: time=2005/04/02 00:15:30 sat=11
4 decode_obsdata: ver=2.10
4 decode_obsdata: time=2005/04/02 00:15:30 sat=19
4 decode_obsdata: ver=2.10
4 decode_obsdata: time=2005/04/02 00:15:30 sat=20
4 decode_obsdata: ver=2.10
4 decode_obsdata: time=2005/04/02 00:15:30 sat=24
4 decode_obsdata: ver=2.10
4 decode_obsdata: time=2005/04/02 00:15:30 sat=28
4 decode_obsepoch: ver=2.10
4 decode_obsepoch: time=2005/04/02 00:16:00.001 flag=0
4 decode_obsdata: ver=2.10
4 decode_obsdata: time=2005/04/02 00:16:00 sat= 3
4 decode_obsdata: ver=2.10
4 decode_obsdata: time=2005/04/02 00:16:00 sat= 7
4 decode_obsdata: ver=2.10
4 decode_obsdata: time=2005/04/02 00:16:00 sat= 8
4 decode_obsdata: ver=2.10
4 decode_obsdata: time=2005/04/02 00:16:00 sat=11
4 decode_obsdata: ver=2.10
4 decode_obsdata: time=2005/04/02 00:16:00 sat=19
4 decode_obsdata: ver=2.10
4 decode_obsdata: time=2005/04/02 00:16:00 sat=20
4 decode_obsdata: ver=2.10
4 decode_obsdata: time=2005/04/02 00:16:00 sat=24
4 decode_obsdata: ver=2.10
4 decode_obsdata: time=2005/04/02 00:16:00 sat=28
4 decode_obsepoch: ver=2.10
4 decode_obsepoch: time=2005/04/02 00:16:30.001 flag=0
4 decode_obsdata: ver=2.10
4 decode_obsdata: time=2005/04/02 00:16:30 sat= 7
4 decode_obsdata: ver=2.10
4 decode_obsdata: time=2005/04/02 00:16:30 sat= 8
4 decode_obsdata: ver=2.10
4 decode_obsdata: time=2005/04/02 00:16:30 sat=11
4 decode_obsdata: ver=2.10
4 decode_obsdata: time=2005/04/02 00:16:30 sat=19
4 decode_obsdata: ver=2.10
4 decode_obsdata: time=2005/04/02 00:16:30 sat=20
4 decode_obsdata: ver=2.10
4 decode_obsdata: time=2005/04/02 00:16:30 sat=24
4 decode_obsdata: ver=2.10
4 decode_obsdata: time=2005/04/02 00:16:30 sat=28
4 decode_obsepoch: ver=2.10
4 decode_obsepoch: time=2005/04/02 00:17:00.001 flag=0
4 decode_obsdata: ver=2.10
4 decode_obsdata: time=2005/04/02 00:17:00 sat= 7
4 decode_obsdata: ver=2.10
4 decode_obsdata: time=2005/04/02 00:17:00 sat= 8
4 decode_obsdata: ver=2.10
4 decode_obsdata: time=2005/04/02 00:17:00 sat=11
4 decode_obsdata: ver=2.10
4 decode_obsdata: time=2005/04/02 00:17:00 sat=19
4 decode_obsdata: ver=2.10
4 decode_obsdata: time=2005/04/02 00:17:00 sat=20
4 decode_obsdata: ver=2.10
4 decode_obsdata: time=2005/04/02 00:17:00 sat=24
4 decode_obsdata: ver=2.10
4 decode_obsdata: time=2005/04/02 00:17:00 sat=28
4 decode_obsepoch: ver=2.10
4 decode_obsepoch: time=2005/04/02 00:17:30.001 flag=0
4 decode_obsdata: ver=2.10
4 decode_obsdata: time=2005/04/02 00:17:30 sat= 7
4 decode_obsdata: ver=2.10
4 decode_obsdata: time=2005/04/02 00:17:30 sat= 8
4 decode_obsdata: ver=2.10
4 decode_obsdata: time=2005/04/02 00:17:30 sat=11
4 decode_obsdata: ver=2.10
4 decode_obsdata: time=2005/04/02 00:17:30 sat=19
4 decode_obsdata: ver=2.10
4 decode_obsdata: time=2005/04/02 00:17:30 sat=20
4 decode_obsdata: ver=2.10
4 decode_obsdata: time=2005/04/02 00:17:30 sat=24
4 decode_obsdata: ver=2.10
4 decode_obsdata: time=2005/04/02 00:17:30 sat=28
4 decode_obsepoch: ver=2.10
4 decode_obsepoch: time=2005/04/02 00:18:00.001 flag=0
4 decode_obsdata: ver=2.10
4 decode_obsdata: time=2005/04/02 00:18:00 sat= 7
4 decode_obsdata: ver=2.10
4 decode_obsdata: time=2005/04/02 00:18:00 sat= 8
4 decode_obsdata: ver=2.10
4 decode_obsdata: time=2005/04/02 00:18:00 sat=11
4 decode_obsdata: ver=2.10
4 decode_obsdata: time=2005/04/02 00:18:00 sat=19
4 decode_obsdata: ver=2.10
4 decode_obsdata: time=2005/04/02 00:18:00 sat=20
4 decode_obsdata: ver=2.10
4 decode_obsdata: time=2005/04/02 00:18:00 sat=24
4 decode_obsdata: ver=2.10
4 decode_obsdata: time=2005/04/02 00:18:00 sat=28
4 decode_obsepoch: ver=2.10
4 decode_obsepoch: time=2005/04/02 00:18:30.001 flag=0
4 decode_obsdata: ver=2.10
4 decode_obsdata: time=2005/04/02 00:18:30 sat= 7
4 decode_obsdata: ver=2.10
4 decode_obsdata: time=2005/04/02 00:18:30 sat= 8
4 decode_obsdata: ver=2.10
4 decode_obsdata: time=2005/04/02 00:18:30 sat=11
4 decode_obsdata: ver=2.10
4 decode_obsdata: time=2005/04/02 00:18:30 sat=19
4 decode_obsdata: ver=2.10
4 decode_obsdata: time=2005/04/02 00:18:30 sat=20
4 decode_obsdata: ver=2.10
4 decode_obsdata: time=2005/04/02 00:18:30 sat=24
4 decode_obsdata: ver=2.10
4 decode_obsdata: time=2005/04/02 00:18:30 sat=28
4 decode_obsepoch: ver=2.10
4 decode_obsepoch: time=2005/04/02 00:19:00.001 flag=0
4 decode_obsdata: ver=2.10
4 decode_obsdata: time=2005/04/02 00:19:00 sat= 7
4 decode_obsdata: ver=2.10
4 decode_obsdata: time=2005/04/02 00:19:00 sat= 8
4 decode_obsdata: ver=2.10
4 decode_obsdata: time=2005/04/02 00:19:00 sat=11
4 decode_obsdata: ver=2.10
4 decode_obsdata: time=2005/04/02 00:19:00 sat=19
4 decode_obsdata: ver=2.10
4 decode_obsdata: time=2005/04/02 00:19:00 sat=20
4 decode_obsdata: ver=2.10
4 decode_obsdata: time=2005/04/02 00:19:00 sat=24
4 decode_obsdata: ver=2.10
4 decode_obsdata: time=2005/04/02 00:19:00 sat=28
4 decode_obsepoch: ver=2.10
4 decode_obsepoch: time=2005/04/02 00:19:30.001 flag=0
4 decode_obsdata: ver=2.10
4 decode_obsdata: time=2005/04/02 00:19:30 sat= 1
4 decode_obsdata: ver=2.10
4 decode_obsdata: time=2005/04/02 00:19:30 sat= 7
4 decode_obsdata: ver=2.10
4 decode_obsdata: time=2005/04/02 00:19:30 sat= 8
4 decode_obsdata: ver=2.10
4 decode_obsdata: time=2005/04/02 00:19:30 sat=11
4 decode_obsdata: ver=2.10
4 decode_obsdata: time=2005/04/02 00:19:30 sat=19
4 decode_obsdata: ver=2.10
4 decode_obsdata: time=2005/04/02 00:19:30 sat=20
4 decode_obsdata: ver=2.10
4 decode_obsdata: time=2005/04/02 00:19:30 sat=24
4 decode_obsdata: ver=2.10
4 decode_obsdata: time=2005/04/02 00:19:30 sat=28
4 decode_obsepoch: ver=2.10
4 decode_obsepoch: time=2005/04/02 00:20:00.001 flag=0
4 decode_obsdata: ver=2.10
4 decode_obsdata: time=2005/04/02 00:20:00 sat= 1
4 decode_obsdata: ver=2.10
4 decode_obsdata: time=2005/04/02 00:20:00 sat= 7
4 decode_obsdata: ver=2.10
4 decode_obsdata: time=2005/04/02 00:20:00 sat= 8
4 decode_obsdata: ver=2.10
4 decode_obsdata: time=2005/04/02 00:20:00 sat=11
4 decode_obsdata: ver=2.10
4 decode_obsdata: time=2005/04/02 00:20:00 sat=19
4 decode_obsdata: ver=2.10
4 decode_obsdata: time=2005/04/02 00:20:00 sat=20
4 decode_obsdata: ver=2.10
4 decode_obsdata: time=2005/04/02 00:20:00 sat=24
4 decode_obsdata: ver=2.10
4 decode_obsdata: time=2005/04/02 00:20:00 sat=28
4 decode_obsepoch: ver=2.10
4 decode_obsepoch: time=2005/04/02 00:20:30.001 flag=0
4 decode_obsdata: ver=2.10
4 decode_obsdata: time=2005/04/02 00:20:30 sat= 1
4 decode_obsdata: ver=2.10
4 decode_obsdata: time=2005/04/02 00:20:30 sat= 7
4 decode_obsdata: ver=2.10
4 decode_obsdata: time=2005/04/02 00:20:30 sat= 8
4 decode_obsdata: ver=2.10
4 decode_obsdata: time=2005/04/02 00:20:30 sat=11
4 decode_obsdata: ver=2.10
4 decode_obsdata: time=2005/04/02 00:20:30 sat=19
4 decode_obsdata: ver=2.10
4 decode_obsdata: time=2005/04/02 00:20:30 sat=20
4 decode_obsdata: ver=2.10
4 decode_obsdata: time=2005/04/02 00:20:30 sat=24
4 decode_obsdata: ver=2.10
4 decode_obsdata: time=2005/04/02 00:20:30 sat=28
4 decode_obsepoch: ver=2.10
4 decode_obsepoch: time=2005/04/02 00:21:00.001 flag=0
4 decode_obsdata: ver=2.10
4 decode_obsdata: time=2005/04/02 00:21:00 sat= 1
4 decode_obsdata: ver=2.10
4 decode_obsdata: time=2005/04/02 00:21:00 sat= 7
4 decode_obsdata: ver=2.10
4 decode_obsdata: time=2005/04/02 00:21:00 sat= 8
4 decode_obsdata: ver=2.10
4 decode_obsdata: time=2005/04/02 00:21:00 sat=11
4 decode_obsdata: ver=2.10
4 decode_obsdata: time=2005/04/02 00:21:00 sat=19
4 decode_obsdata: ver=2.10
4 decode_obsdata: time=2005/04/02 00:21:00 sat=20
4 decode_obsdata: ver=2.10
4 decode_obsdata: time=2005/04/02 00:21:00 sat=24
4 decode_obsdata: ver=2.10
4 decode_obsdata: time=2005/04/02 00:21:00 sat=28
4 decode_obsepoch: ver=2.10
4 decode_obsepoch: time=2005/04/02 00:21:30.002 flag=0
4 decode_obsdata: ver=2.10
4 decode_obsdata: time=2005/04/02 00:21:30 sat= 1
4 decode_obsdata: ver=2.10
4 decode_obsdata: time=2005/04/02 00:21:30 sat= 7
4 decode_obsdata: ver=2.10
4 decode_obsdata: time=2005/04/02 00:21:30 sat= 8
4 decode_obsdata: ver=2.10
4 decode_obsdata: time=2005/04/02 00:21:30 sat=11
4 decode_obsdata: ver=2.10
4 decode_obsdata: time=2005/04/02 00:21:30 sat=19
4 decode_obsdata: ver=2.10
4 decode_obsdata: time=2005/04/02 00:21:30 sat=20
4 decode_obsdata: ver=2.10
4 decode_obsdata: time=2005/04/02 00:21:30 sat=24
4 decode_obsdata: ver=2.10
4 decode_obsdata: time=2005/04/02 00:21:30 sat=28
4 decode_obsepoch: ver=2.10
4 decode_obsepoch: time=2005/04/02 00:22:00.002 flag=0
4 decode_obsdata: ver=2.10
4 decode_obsdata: time=2005/04/02 00:22:00 sat= 1
4 decode_obsdata: ver=2.10
4 decode_obsdata: time=2005/04/02 00:22:00 sat= 7
4 decode_obsdata: ver=2.10
4 decode_obsdata: time=2005/04/02 00:22:00 sat= 8
4 decode_obsdata: ver=2.10
4 decode_obsdata: time=2005/04/02 00:22:00 sat=11
4 decode_obsdata: ver=2.10
4 decode_obsdata: time=2005/04/02 00:22:00 sat=19
4 decode_obsdata: ver=2.10
4 decode_obsdata: time=2005/04/02 00:22:00 sat=20
4 decode_obsdata: ver=2.10
4 decode_obsdata: time=2005/04/02 00:22:00 sat=24
4 decode_obsdata: ver=2.10
4 decode_obsdata: time=2005/04/02 00:22:00 sat=28
4 decode_obsepoch: ver=2.10
4 decode_obsepoch: time=2005/04/02 00:22:30.002 flag=0
4 decode_obsdata: ver=2.10
4 decode_obsdata: time=2005/04/02 00:22:30 sat= 1
4 decode_obsdata: ver=2.10
4 decode_obsdata: time=2005/04/02 00:22:30 sat= 7
4 decode_obsdata: ver=2.10
4 decode_obsdata: time=2005/04/02 00:22:30 sat= 8
4 decode_obsdata: ver=2.10
4 decode_obsdata: time=2005/04/02 00:22:30 sat=11
4 decode_obsdata: ver=2.10
4 decode_obsdata: time=2005/04/02 00:22:30 sat=19
4 decode_obsdata: ver=2.10
4 decode_obsdata: time=2005/04/02 00:22:30 sat=20
4 decode_obsdata: ver=2.10
4 decode_obsdata: time=2005/04/02 00:22:30 sat=24
4 decode_obsdata: ver=2.10
4 decode_obsdata: time=2005/04/02 00:22:30 sat=28
4 decode_obsepoch: ver=2.10
4 decode_obsepoch: time=2005/04/02 00:23:00.002 flag=0
4 decode_obsdata: ver=2.10
4 decode_obsdata: time=2005/04/02 00:23:00 sat= 1
4 decode_obsdata: ver=2.10
4 decode_obsdata: time=2005/04/02 00:23:00 sat= 7
4 decode_obsdata: ver=2.10
4 decode_obsdata: time=2005/04/02 00:23:00 sat= 8
4 decode_obsdata: ver=2.10
4 decode_obsdata: time=2005/04/02 00:23:00 sat=11
4 decode_obsdata: ver=2.10
4 decode_obsdata: time=2005/04/02 00:23:00 sat=19
4 decode_obsdata: ver=2.10
4 decode_obsdata: time=2005/04/02 00:23:00 sat=20
4 decode_obsdata: ver=2.10
4 decode_obsdata: time=2005/04/02 00:23:00 sat=24
4 decode_obsdata: ver=2.10
4 decode_obsdata: time=2005/04/02 00:23:00 sat=28
4 decode_obsepoch: ver=2.10
4 decode_obsepoch: time=2005/04/02 00:23:30.002 flag=0
4 decode_obsdata: ver=2.10
4 decode_obsdata: time=2005/04/02 00:23:30 sat= 1
4 decode_obsdata: ver=2.10
4 decode_obsdata: time=2005/04/02 00:23:30 sat= 7
4 decode_obsdata: ver=2.10
4 decode_obsdata: time=2005/04/02 00:23:30 sat= 8
4 decode_obsdata: ver=2.10
4 decode_obsdata: time=2005/04/02 00:23:30 sat=11
4 decode_obsdata: ver=2.10
4 decode_obsdata: time=2005/04/02 00:23:30 sat=19
4 decode_obsdata: ver=2.10
4 decode_obsdata: time=2005/04/02 00:23:30 sat=20
4 decode_obsdata: ver=2.10
4 decode_obsdata: time=2005/04/02 00:23:30 sat=24
4 decode_obsdata: ver=2.10
4 decode_obsdata: time=2005/04/02 00:23:30 sat=28
4 decode_obsepoch: ver=2.10
4 decode_obsepoch: time=2005/04/02 00:24:00.002 flag=0
4 decode_obsdata: ver=2.10
4 decode_obsdata: time=2005/04/02 00:24:00 sat= 1
4 decode_obsdata: ver=2.10
4 decode_obsdata: time=2005/04/02 00:24:00 sat= 7
4 decode_obsdata: ver=2.10
4 decode_obsdata: time=2005/04/02 00:24:00 sat= 8
4 decode_obsdata: ver=2.10
4 decode_obsdata: time=2005/04/02 00:24:00 sat=11
4 decode_obsdata: ver=2.10
4 decode_obsdata: time=2005/04/02 00:24:00 sat=19
4 decode_obsdata: ver=2.10
4 decode_obsdata: time=2005/04/02 00:24:00 sat=20
4 decode_obsdata: ver=2.10
4 decode_obsdata: time=2005/04/02 00:24:00 sat=24
4 decode_obsdata: ver=2.10
4 decode_obsdata: time=2005/04/02 00:24:00 sat=28
4 decode_obsepoch: ver=2.10
4 decode_obsepoch: time=2005/04/02 00:24:30.002 flag=0
4 decode_obsdata: ver=2.10
4 decode_obsdata: time=2005/04/02 00:24:30 sat= 1
4 decode_obsdata: ver=2.10
4 decode_obsdata: time=2005/04/02 00:24:30 sat= 7
4 decode_obsdata: ver=2.10
4 decode_obsdata: time=2005/04/02 00:24:30 sat= 8
4 decode_obsdata: ver=2.10
4 decode_obsdata: time=2005/04/02 00:24:30 sat=11
4 decode_obsdata: ver=2.10
4 decode_obsdata: time=2005/04/02 00:24:30 sat=19
4 decode_obsdata: ver=2.10
4 decode_obsdata: time=2005/04/02 00:24:30 sat=20
4 decode_obsdata: ver=2.10
4 decode_obsdata: time=2005/04/02 00:24:30 sat=24
4 decode_obsdata: ver=2.10
4 decode_obsdata: time=2005/04/02 00:24:30 sat=28
4 decode_obsepoch: ver=2.10
4 decode_obsepoch: time=2005/04/02 00:25:00.002 flag=0
4 decode_obsdata: ver=2.10
4 decode_obsdata: time=2005/04/02 00:25:00 sat= 1
4 decode_obsdata: ver=2.10
4 decode_obsdata: time=2005/04/02 00:25:00 sat= 7
4 decode_obsdata: ver=2.10
4 decode_obsdata: time=2005/04/02 00:25:00 sat= 8
4 decode_obsdata: ver=2.10
4 decode_obsdata: time=2005/04/02 00:25:00 sat=11
4 decode_obsdata: ver=2.10
4 decode_obsdata: time=2005/04/02 00:25:00 sat=19
4 decode_obsdata: ver=2.10
4 decode_obsdata: time=2005/04/02 00:25:00 sat=20
4 decode_obsdata: ver=2.10
4 decode_obsdata: time=2005/04/02 00:25:00 sat=24
4 decode_obsdata: ver=2.10
4 decode_obsdata: time=2005/04/02 00:25:00 sat=28
4 decode_obsepoch: ver=2.10
4 decode_obsepoch: time=2005/04/02 00:25:30.002 flag=0
4 decode_obsdata: ver=2.10
4 decode_obsdata: time=2005/04/02 00:25:30 sat= 1
4 decode_obsdata: ver=2.10
4 decode_obsdata: time=2005/04/02 00:25:30 sat= 7
4 decode_obsdata: ver=2.10
4 decode_obsdata: time=2005/04/02 00:25:30 sat= 8
4 decode_obsdata: ver=2.10
4 decode_obsdata: time=2005/04/02 00:25:30 sat=11
4 decode_obsdata: ver=2.10
4 decode_obsdata: time=2005/04/02 00:25:30 sat=19
4 decode_obsdata: ver=2.10
4 decode_obsdata: time=2005/04/02 00:25:30 sat=20
4 decode_obsdata: ver=2.10
4 decode_obsdata: time=2005/04/02 00:25:30 sat=24
4 decode_obsdata: ver=2.10
4 decode_obsdata: time=2005/04/02 00:25:30 sat=28
4 decode_obsepoch: ver=2.10
4 decode_obsepoch: time=2005/04/02 00:26:00.002 flag=0
4 decode_obsdata: ver=2.10
4 decode_obsdata: time=2005/04/02 00:26:00 sat= 1
4 decode_obsdata: ver=2.10
4 decode_obsdata: time=2005/04/02 00:26:00 sat= 7
4 decode_obsdata: ver=2.10
4 decode_obsdata: time=2005/04/02 00:26:00 sat= 8
4 decode_obsdata: ver=2.10
4 decode_obsdata: time=2005/04/02 00:26:00 sat=11
4 decode_obsdata: ver=2.10
4 decode_obsdata: time=2005/04/02 00:26:00 sat=19
4 decode_obsdata: ver=2.10
4 decode_obsdata: time=2005/04/02 00:26:00 sat=20
4 decode_obsdata: ver=2.10
4 decode_obsdata: time=2005/04/02 00:26:00 sat=24
4 decode_obsdata: ver=2.10
4 decode_obsdata: time=2005/04/02 00:26:00 sat=28
4 decode_obsepoch: ver=2.10
4 decode_obsepoch: time=2005/04/02 00:26:30.002 flag=0
4 decode_obsdata: ver=2.10
4 decode_obsdata: time=2005/04/02 00:26:30 sat= 1
4 decode_obsdata: ver=2.10
4 decode_obsdata: time=2005/04/02 00:26:30 sat= 7
4 decode_obsdata: ver=2.10
4 decode_obsdata: time=2005/04/02 00:26:30 sat= 8
4 decode_obsdata: ver=2.10
4 decode_obsdata: time=2005/04/02 00:26:30 sat=11
4 decode_obsdata: ver=2.10
4 decode_obsdata: time=2005/04/02 00:26:30 sat=19
4 decode_obsdata: ver=2.10
4 decode_obsdata: time=2005/04/02 00:26:30 sat=20
4 decode_obsdata: ver=2.10
4 decode_obsdata: time=2005/04/02 00:26:30 sat=24
4 decode_obsdata: ver=2.10
4 decode_obsdata: time=2005/04/02 00:26:30 sat=28
4 decode_obsepoch: ver=2.10
4 decode_obsepoch: time=2005/04/02 00:27:00.002 flag=0
4 decode_obsdata: ver=2.10
4 decode_obsdata: time=2005/04/02 00:27:00 sat= 1
4 decode_obsdata: ver=2.10
4 decode_obsdata: time=2005/04/02 00:27:00 sat= 7
4 decode_obsdata: ver=2.10
4 decode_obsdata: time=2005/04/02 00:27:00 sat= 8
4 decode_obsdata: ver=2.10
4 decode_obsdata: time=2005/04/02 00:27:00 sat=11
4 decode_obsdata: ver=2.10
4 decode_obsdata: time=2005/04/02 00:27:00 sat=19
4 decode_obsdata: ver=2.10
4 decode_obsdata: time=2005/04/02 00:27:00 sat=20
4 decode_obsdata: ver=2.10
4 decode_obsdata: time=2005/04/02 00:27:00 sat=24
4 decode_obsdata: ver=2.10
4 decode_obsdata: time=2005/04/02 00:27:00 sat=28
4 decode_obsepoch: ver=2.10
4 decode_obsepoch: time=2005/04/02 00:27:30.002 flag=0
4 decode_obsdata: ver=2.10
4 decode_obsdata: time=2005/04/02 00:27:30 sat= 1
4 decode_obsdata: ver=2.10
4 decode_obsdata: time=2005/04/02 00:27:30 sat= 7
4 decode_obsdata: ver=2.10
4 decode_obsdata: time=2005/04/02 00:27:30 sat= 8
4 decode_obsdata: ver=2.10
4 decode_obsdata: time=2005/04/02 00:27:30 sat=11
4 decode_obsdata: ver=2.10
4 decode_obsdata: time=2005/04/02 00:27:30 sat=19
4 decode_obsdata: ver=2.10
4 decode_obsdata: time=2005/04/02 00:27:30 sat=20
4 decode_obsdata: ver=2.10
4 decode_obsdata: time=2005/04/02 00:27:30 sat=24
4 decode_obsdata: ver=2.10
4 decode_obsdata: time=2005/04/02 00:27:30 sat=28
4 decode_obsepoch: ver=2.10
4 decode_obsepoch: time=2005/04/02 00:28:00.002 flag=0
4 decode_obsdata: ver=2.10
4 decode_obsdata: time=2005/04/02 00:28:00 sat= 1
4 decode_obsdata: ver=2.10
4 decode_obsdata: time=2005/04/02 00:28:00 sat= 7
4 decode_obsdata: ver=2.10
4 decode_obsdata: time=2005/04/02 00:28:00 sat= 8
4 decode_obsdata: ver=2.10
4 decode_obsdata: time=2005/04/02 00:28:00 sat=11
4 decode_obsdata: ver=2.10
4 decode_obsdata: time=2005/04/02 00:28:00 sat=19
4 decode_obsdata: ver=2.10
4 decode_obsdata: time=2005/04/02 00:28:00 sat=20
4 decode_obsdata: ver=2.10
4 decode_obsdata: time=2005/04/02 00:28:00 sat=24
4 decode_obsdata: ver=2.10
4 decode_obsdata: time=2005/04/02 00:28:00 sat=28
4 decode_obsepoch: ver=2.10
4 decode_obsepoch: time=2005/04/02 00:28:30.002 flag=0
4 decode_obsdata: ver=2.10
4 decode_obsdata: time=2005/04/02 00:28:30 sat= 1
4 decode_obsdata: ver=2.10
4 decode_obsdata: time=2005/04/02 00:28:30 sat= 7
4 decode_obsdata: ver=2.10
4 decode_obsdata: time=2005/04/02 00:28:30 sat= 8
4 decode_obsdata: ver=2.10
4 decode_obsdata: time=2005/04/02 00:28:30 sat=11
4 decode_obsdata: ver=2.10
4 decode_obsdata: time=2005/04/02 00:28:30 sat=19
4 decode_obsdata: ver=2.10
4 decode_obsdata: time=2005/04/02 00:28:30 sat=20
4 decode_obsdata: ver=2.10
4 decode_obsdata: time=2005/04/02 00:28:30 sat=24
4 decode_obsdata: ver=2.10
4 decode_obsdata: time=2005/04/02 00:28:30 sat=28
4 decode_obsepoch: ver=2.10
4 decode_obsepoch: time=2005/04/02 00:29:00.002 flag=0
4 decode_obsdata: ver=2.10
4 decode_obsdata: time=2005/04/02 00:29:00 sat= 1
4 decode_obsdata: ver=2.10
4 decode_obsdata: time=2005/04/02 00:29:00 sat= 7
4 decode_obsdata: ver=2.10
4 decode_obsdata: time=2005/04/02 00:29:00 sat= 8
4 decode_obsdata: ver=2.10
4 decode_obsdata: time=2005/04/02 00:29:00 sat=11
4 decode_obsdata: ver=2.10
4 decode_obsdata: time=2005/04/02 00:29:00 sat=19
4 decode_obsdata: ver=2.10
4 decode_obsdata: time=2005/04/02 00:29:00 sat=20
4 decode_obsdata: ver=2.10
4 decode_obsdata: time=2005/04/02 00:29:00 sat=24
4 decode_obsdata: ver=2.10
4 decode_obsdata: time=2005/04/02 00:29:00 sat=28
4 decode_obsepoch: ver=2.10
4 decode_obsepoch: time=2005/04/02 00:29:30.002 flag=0
4 decode_obsdata: ver=2.10
4 decode_obsdata: time=2005/04/02 00:29:30 sat= 1
4 decode_obsdata: ver=2.10
4 decode_obsdata: time=2005/04/02 00:29:30 sat= 7
4 decode_obsdata: ver=2.10
4 decode_obsdata: time=2005/04/02 00:29:30 sat= 8
4 decode_obsdata: ver=2.10
4 decode_obsdata: time=2005/04/02 00:29:30 sat=11
4 decode_obsdata: ver=2.10
4 decode_obsdata: time=2005/04/02 00:29:30 sat=19
4 decode_obsdata: ver=2.10
4 decode_obsdata: time=2005/04/02 00:29:30 sat=20
4 decode_obsdata: ver=2.10
4 decode_obsdata: time=2005/04/02 00:29:30 sat=24
4 decode_obsdata: ver=2.10
4 decode_obsdata: time=2005/04/02 00:29:30 sat=28
4 decode_obsepoch: ver=2.10
4 decode_obsepoch: time=2005/04/02 00:30:00.002 flag=0
4 decode_obsdata: ver=2.10
4 decode_obsdata: time=2005/04/02 00:30:00 sat= 1
4 decode_obsdata: ver=2.10
4 decode_obsdata: time=2005/04/02 00:30:00 sat= 7
4 decode_obsdata: ver=2.10
4 decode_obsdata: time=2005/04/02 00:30:00 sat= 8
4 decode_obsdata: ver=2.10
4 decode_obsdata: time=2005/04/02 00:30:00 sat=11
4 decode_obsdata: ver=2.10
4 decode_obsdata: time=2005/04/02 00:30:00 sat=19
4 decode_obsdata: ver=2.10
4 decode_obsdata: time=2005/04/02 00:30:00 sat=20
4 decode_obsdata: ver=2.10
4 decode_obsdata: time=2005/04/02 00:30:00 sat=24
4 decode_obsdata: ver=2.10
4 decode_obsdata: time=2005/04/02 00:30:00 sat=28
4 decode_obsepoch: ver=2.10
4 decode_obsepoch: time=2005/04/02 00:30:30.002 flag=0
4 decode_obsdata: ver=2.10
4 decode_obsdata: time=2005/04/02 00:30:30 sat= 1
4 decode_obsdata: ver=2.10
4 decode_obsdata: time=2005/04/02 00:30:30 sat= 7
4 decode_obsdata: ver=2.10
4 decode_obsdata: time=2005/04/02 00:30:30 sat=11
4 decode_obsdata: ver=2.10
4 decode_obsdata: time=2005/04/02 00:30:30 sat=19
4 decode_obsdata: ver=2.10
4 decode_obsdata: time=2005/04/02 00:30:30 sat=20
4 decode_obsdata: ver=2.10
4 decode_obsdata: time=2005/04/02 00:30:30 sat=24
4 decode_obsdata: ver=2.10
4 decode_obsdata: time=2005/04/02 00:30:30 sat=28
4 decode_obsepoch: ver=2.10
4 decode_obsepoch: time=2005/04/02 00:31:00.002 flag=0
4 decode_obsdata: ver=2.10
4 decode_obsdata: time=2005/04/02 00:31:00 sat= 1
4 decode_obsdata: ver=2.10
4 decode_obsdata: time=2005/04/02 00:31:00 sat= 7
4 decode_obsdata: ver=2.10
4 decode_obsdata: time=2005/04/02 00:31:00 sat=11
4 decode_obsdata: ver=2.10
4 decode_obsdata: time=2005/04/02 00:31:00 sat=19
4 decode_obsdata: ver=2.10
4 decode_obsdata: time=2005/04/02 00:31:00 sat=20
4 decode_obsdata: ver=2.10
4 decode_obsdata: time=2005/04/02 00:31:00 sat=24
4 decode_obsdata: ver=2.10
4 decode_obsdata: time=2005/04/02 00:31:00 sat=28
4 decode_obsepoch: ver=2.10
4 decode_obsepoch: time=2005/04/02 00:31:30.002 flag=0
4 decode_obsdata: ver=2.10
4 decode_obsdata: time=2005/04/02 00:31:30 sat= 1
4 decode_obsdata: ver=2.10
4 decode_obsdata: time=2005/04/02 00:31:30 sat= 7
4 decode_obsdata: ver=2.10
4 decode_obsdata: time=2005/04/02 00:31:30 sat=11
4 decode_obsdata: ver=2.10
4 decode_obsdata: time=2005/04/02 00:31:30 sat=19
4 decode_obsdata: ver=2.10
4 decode_obsdata: time=2005/04/02 00:31:30 sat=20
4 decode_obsdata: ver=2.10
4 decode_obsdata: time=2005/04/02 00:31:30 sat=24
4 decode_obsdata: ver=2.10
4 decode_obsdata: time=2005/04/02 00:31:30 sat=28
4 decode_obsepoch: ver=2.10
4 decode_obsepoch: time=2005/04/02 00:32:00.002 flag=0
4 decode_obsdata: ver=2.10
4 decode_obsdata: time=2005/04/02 00:32:00 sat= 1
4 decode_obsdata: ver=2.10
4 decode_obsdata: time=2005/04/02 00:32:00 sat= 7
4 decode_obsdata: ver=2.10
4 decode_obsdata: time=2005/04/02 00:32:00 sat=11
4 decode_obsdata: ver=2.10
4 decode_obsdata: time=2005/04/02 00:32:00 sat=19
4 decode_obsdata: ver=2.10
4 decode_obsdata: time=2005/04/02 00:32:00 sat=20
4 decode_obsdata: ver=2.10
4 decode_obsdata: time=2005/04/02 00:32:00 sat=24
4 decode_obsdata: ver=2.10
4 decode_obsdata: time=2005/04/02 00:32:00 sat=28
4 decode_obsepoch: ver=2.10
4 decode_obsepoch: time=2005/04/02 00:32:30.002 flag=0
4 decode_obsdata: ver=2.10
4 decode_obsdata: time=2005/04/02 00:32:30 sat= 1
4 decode_obsdata: ver=2.10
4 decode_obsdata: time=2005/04/02 00:32:30 sat= 7
4 decode_obsdata: ver=2.10
4 decode_obsdata: time=2005/04/02 00:32:30 sat=11
4 decode_obsdata: ver=2.10
4 decode_obsdata: time=2005/04/02 00:32:30 sat=19
4 decode_obsdata: ver=2.10
4 decode_obsdata: time=2005/04/02 00:32:30 sat=20
4 decode_obsdata: ver=2.10
4 decode_obsdata: time=2005/04/02 00:32:30 sat=24
4 decode_obsdata: ver=2.10
4 decode_obsdata: time=2005/04/02 00:32:30 sat=28
4 decode_obsepoch: ver=2.10
4 decode_obsepoch: time=2005/04/02 00:33:00.003 flag=0
4 decode_obsdata: ver=2.10
4 decode_obsdata: time=2005/04/02 00:33:00 sat= 1
4 decode_obsdata: ver=2.10
4 decode_obsdata: time=2005/04/02 00:33:00 sat= 7
4 decode_obsdata: ver=2.10
4 decode_obsdata: time=2005/04/02 00:33:00 sat=11
4 decode_obsdata: ver=2.10
4 decode_obsdata: time=2005/04/02 00:33:00 sat=19
4 decode_obsdata: ver=2.10
4 decode_obsdata: time=2005/04/02 00:33:00 sat=20
4 decode_obsdata: ver=2.10
4 decode_obsdata: time=2005/04/02 00:33:00 sat=24
4 decode_obsdata: ver=2.10
4 decode_obsdata: time=2005/04/02 00:33:00 sat=28
4 decode_obsepoch: ver=2.10
4 decode_obsepoch: time=2005/04/02 00:33:30.003 flag=0
4 decode_obsdata: ver=2.10
4 decode_obsdata: time=2005/04/02 00:33:30 sat= 1
4 decode_obsdata: ver=2.10
4 decode_obsdata: time=2005/04/02 00:33:30 sat= 7
4 decode_obsdata: ver=2.10
4 decode_obsdata: time=2005/04/02 00:33:30 sat=11
4 decode_obsdata: ver=2.10
4 decode_obsdata: time=2005/04/02 00:33:30 sat=19
4 decode_obsdata: ver=2.10
4 decode_obsdata: time=2005/04/02 00:33:30 sat=20
4 decode_obsdata: ver=2.10
4 decode_obsdata: time=2005/04/02 00:33:30 sat=24
4 decode_obsdata: ver=2.10
4 decode_obsdata: time=2005/04/02 00:33:30 sat=28
4 decode_obsepoch: ver=2.10
4 decode_obsepoch: time=2005/04/02 00:34:00.003 flag=0
4 decode_obsdata: ver=2.10
4 decode_obsdata: time=2005/04/02 00:34:00 sat= 1
4 decode_obsdata: ver=2.10
4 decode_obsdata: time=2005/04/02 00:34:00 sat= 7
4 decode_obsdata: ver=2.10
4 decode_obsdata: time=2005/04/02 00:34:00 sat=11
4 decode_obsdata: ver=2.10
4 decode_obsdata: time=2005/04/02 00:34:00 sat=19
4 decode_obsdata: ver=2.10
4 decode_obsdata: time=2005/04/02 00:34:00 sat=20
4 decode_obsdata: ver=2.10
4 decode_obsdata: time=2005/04/02 00:34:00 sat=24
4 decode_obsdata: ver=2.10
4 decode_obsdata: time=2005/04/02 00:34:00 sat=28
4 decode_obsepoch: ver=2.10
4 decode_obsepoch: time=2005/04/02 00:34:30.003 flag=0
4 decode_obsdata: ver=2.10
4 decode_obsdata: time=2005/04/02 00:34:30 sat= 1
4 decode_obsdata: ver=2.10
4 decode_obsdata: time=2005/04/02 00:34:30 sat= 7
4 decode_obsdata: ver=2.10
4 decode_obsdata: time=2005/04/02 00:34:30 sat=11
4 decode_obsdata: ver=2.10
4 decode_obsdata: time=2005/04/02 00:34:30 sat=19
4 decode_obsdata: ver=2.10
4 decode_obsdata: time=2005/04/02 00:34:30 sat=20
4 decode_obsdata: ver=2.10
4 decode_obsdata: time=2005/04/02 00:34:30 sat=24
4 decode_obsdata: ver=2.10
4 decode_obsdata: time=2005/04/02 00:34:30 sat=28
4 decode_obsepoch: ver=2.10
4 decode_obsepoch: time=2005/04/02 00:35:00.003 flag=0
4 decode_obsdata: ver=2.10
4 decode_obsdata: time=2005/04/02 00:35:00 sat= 1
4 decode_obsdata: ver=2.10
4 decode_obsdata: time=2005/04/02 00:35:00 sat= 7
4 decode_obsdata: ver=2.10
4 decode_obsdata: time=2005/04/02 00:35:00 sat=11
4 decode_obsdata: ver=2.10
4 decode_obsdata: time=2005/04/02 00:35:00 sat=19
4 decode_obsdata: ver=2.10
4 decode_obsdata: time=2005/04/02 00:35:00 sat=20
4 decode_obsdata: ver=2.10
4 decode_obsdata: time=2005/04/02 00:35:00 sat=24
4 decode_obsdata: ver=2.10
4 decode_obsdata: time=2005/04/02 00:35:00 sat=28
4 decode_obsepoch: ver=2.10
4 decode_obsepoch: time=2005/04/02 00:35:30.003 flag=0
4 decode_obsdata: ver=2.10
4 decode_obsdata: time=2005/04/02 00:35:30 sat= 1
4 decode_obsdata: ver=2.10
4 decode_obsdata: time=2005/04/02 00:35:30 sat= 7
4 decode_obsdata: ver=2.10
4 decode_obsdata: time=2005/04/02 00:35:30 sat=11
4 decode_obsdata: ver=2.10
4 decode_obsdata: time=2005/04/02 00:35:30 sat=19
4 decode_obsdata: ver=2.10
4 decode_obsdata: time=2005/04/02 00:35:30 sat=20
4 decode_obsdata: ver=2.10
4 decode_obsdata: time=2005/04/02 00:35:30 sat=24
4 decode_obsdata: ver=2.10
4 decode_obsdata: time=2005/04/02 00:35:30 sat=28
4 decode_obsepoch: ver=2.10
4 decode_obsepoch: time=2005/04/02 00:36:00.003 flag=0
4 decode_obsdata: ver=2.10
4 decode_obsdata: time=2005/04/02 00:36:00 sat= 1
4 decode_obsdata: ver=2.10
4 decode_obsdata: time=2005/04/02 00:36:00 sat= 7
4 decode_obsdata: ver=2.10
4 decode_obsdata: time=2005/04/02 00:36:00 sat=11
4 decode_obsdata: ver=2.10
4 decode_obsdata: time=2005/04/02 00:36:00 sat=19
4 decode_obsdata: ver=2.10
4 decode_obsdata: time=2005/04/02 00:36:00 sat=20
4 decode_obsdata: ver=2.10
4 decode_obsdata: time=2005/04/02 00:36:00 sat=24
4 decode_obsdata: ver=2.10
4 decode_obsdata: time=2005/04/02 00:36:00 sat=28
4 decode_obsepoch: ver=2.10
4 decode_obsepoch: time=2005/04/02 00:36:30.003 flag=0
4 decode_obsdata: ver=2.10
4 decode_obsdata: time=2005/04/02 00:36:30 sat= 1
4 decode_obsdata: ver=2.10
4 decode_obsdata: time=2005/04/02 00:36:30 sat= 7
4 decode_obsdata: ver=2.10
4 decode_obsdata: time=2005/04/02 00:36:30 sat=11
4 decode_obsdata: ver=2.10
4 decode_obsdata: time=2005/04/02 00:36:30 sat=19
4 decode_obsdata: ver=2.10
4 decode_obsdata: time=2005/04/02 00:36:30 sat=20
4 decode_obsdata: ver=2.10
4 decode_obsdata: time=2005/04/02 00:36:30 sat=24
4 decode_obsdata: ver=2.10
4 decode_obsdata: time=2005/04/02 00:36:30 sat=28
4 decode_obsepoch: ver=2.10
4 decode_obsepoch: time=2005/04/02 00:37:00.003 flag=0
4 decode_obsdata: ver=2.10
4 decode_obsdata: time=2005/04/02 00:37:00 sat= 1
4 decode_obsdata: ver=2.10
4 decode_obsdata: time=2005/04/02 00:37:00 sat= 7
4 decode_obsdata: ver=2.10
4 decode_obsdata: time=2005/04/02 00:37:00 sat=11
4 decode_obsdata: ver=2.10
4 decode_obsdata: time=2005/04/02 00:37:00 sat=19
4 decode_obsdata: ver=2.10
4 decode_obsdata: time=2005/04/02 00:37:00 sat=20
4 decode_obsdata: ver=2.10
4 decode_obsdata: time=2005/04/02 00:37:00 sat=24
4 decode_obsdata: ver=2.10
4 decode_obsdata: time=2005/04/02 00:37:00 sat=28
4 decode_obsepoch: ver=2.10
4 decode_obsepoch: time=2005/04/02 00:37:30.003 flag=0
4 decode_obsdata: ver=2.10
4 decode_obsdata: time=2005/04/02 00:37:30 sat= 1
4 decode_obsdata: ver=2.10
4 decode_obsdata: time=2005/04/02 00:37:30 sat= 7
4 decode_obsdata: ver=2.10
4 decode_obsdata: time=2005/04/02 00:37:30 sat=11
4 decode_obsdata: ver=2.10
4 decode_obsdata: time=2005/04/02 00:37:30 sat=19
4 decode_obsdata: ver=2.10
4 decode_obsdata: time=2005/04/02 00:37:30 sat=20
4 decode_obsdata: ver=2.10
4 decode_obsdata: time=2005/04/02 00:37:30 sat=24
4 decode_obsdata: ver=2.10
4 decode_obsdata: time=2005/04/02 00:37:30 sat=28
4 decode_obsepoch: ver=2.10
4 decode_obsepoch: time=2005/04/02 00:38:00.003 flag=0
4 decode_obsdata: ver=2.10
4 decode_obsdata: time=2005/04/02 00:38:00 sat= 1
4 decode_obsdata: ver=2.10
4 decode_obsdata: time=2005/04/02 00:38:00 sat= 7
4 decode_obsdata: ver=2.10
4 decode_obsdata: time=2005/04/02 00:38:00 sat=11
4 decode_obsdata: ver=2.10
4 decode_obsdata: time=2005/04/02 00:38:00 sat=19
4 decode_obsdata: ver=2.10
4 decode_obsdata: time=2005/04/02 00:38:00 sat=20
4 decode_obsdata: ver=2.10
4 decode_obsdata: time=2005/04/02 00:38:00 sat=24
4 decode_obsdata: ver=2.10
4 decode_obsdata: time=2005/04/02 00:38:00 sat=28
4 decode_obsepoch: ver=2.10
4 decode_obsepoch: time=2005/04/02 00:38:30.003 flag=0
4 decode_obsdata: ver=2.10
4 decode_obsdata: time=2005/04/02 00:38:30 sat= 1
4 decode_obsdata: ver=2.10
4 decode_obsdata: time=2005/04/02 00:38:30 sat= 7
4 decode_obsdata: ver=2.10
4 decode_obsdata: time=2005/04/02 00:38:30 sat=11
4 decode_obsdata: ver=2.10
4 decode_obsdata: time=2005/04/02 00:38:30 sat=19
4 decode_obsdata: ver=2.10
4 decode_obsdata: time=2005/04/02 00:38:30 sat=20
4 decode_obsdata: ver=2.10
4 decode_obsdata: time=2005/04/02 00:38:30 sat=24
4 decode_obsdata: ver=2.10
4 decode_obsdata: time=2005/04/02 00:38:30 sat=28
4 decode_obsepoch: ver=2.10
4 decode_obsepoch: time=2005/04/02 00:39:00.003 flag=0
4 decode_obsdata: ver=2.10
4 decode_obsdata: time=2005/04/02 00:39:00 sat= 1
4 decode_obsdata: ver=2.10
4 decode_obsdata: time=2005/04/02 00:39:00 sat= 7
4 decode_obsdata: ver=2.10
4 decode_obsdata: time=2005/04/02 00:39:00 sat=11
4 decode_obsdata: ver=2.10
4 decode_obsdata: time=2005/04/02 00:39:00 sat=19
4 decode_obsdata: ver=2.10
4 decode_obsdata: time=2005/04/02 00:39:00 sat=20
4 decode_obsdata: ver=2.10
4 decode_obsdata: time=2005/04/02 00:39:00 sat=24
4 decode_obsdata: ver=2.10
4 decode_obsdata: time=2005/04/02 00:39:00 sat=28
4 decode_obsepoch: ver=2.10
4 decode_obsepoch: time=2005/04/02 00:39:30.003 flag=0
4 decode_obsdata: ver=2.10
4 decode_obsdata: time=2005/04/02 00:39:30 sat= 1
4 decode_obsdata: ver=2.10
4 decode_obsdata: time=2005/04/02 00:39:30 sat= 7
4 decode_obsdata: ver=2.10
4 decode_obsdata: time=2005/04/02 00:39:30 sat=11
4 decode_obsdata: ver=2.10
4 decode_obsdata: time=2005/04/02 00:39:30 sat=19
4 decode_obsdata: ver=2.10
4 decode_obsdata: time=2005/04/02 00:39:30 sat=20
4 decode_obsdata: ver=2.10
4 decode_obsdata: time=2005/04/02 00:39:30 sat=24
4 decode_obsdata: ver=2.10
4 decode_obsdata: time=2005/04/02 00:39:30 sat=28
4 decode_obsepoch: ver=2.10
4 decode_obsepoch: time=2005/04/02 00:40:00.003 flag=0
4 decode_obsdata: ver=2.10
4 decode_obsdata: time=2005/04/02 00:40:00 sat= 1
4 decode_obsdata: ver=2.10
4 decode_obsdata: time=2005/04/02 00:40:00 sat= 7
4 decode_obsdata: ver=2.10
4 decode_obsdata: time=2005/04/02 00:40:00 sat=11
4 decode_obsdata: ver=2.10
4 decode_obsdata: time=2005/04/02 00:40:00 sat=19
4 decode_obsdata: ver=2.10
4 decode_obsdata: time=2005/04/02 00:40:00 sat=20
4 decode_obsdata: ver=2.10
4 decode_obsdata: time=2005/04/02 00:40:00 sat=24
4 decode_obsdata: ver=2.10
4 decode_obsdata: time=2005/04/02 00:40:00 sat=28
4 decode_obsepoch: ver=2.10
4 decode_obsepoch: time=2005/04/02 00:40:30.003 flag=0
4 decode_obsdata: ver=2.10
4 decode_obsdata: time=2005/04/02 00:40:30 sat= 1
4 decode_obsdata: ver=2.10
4 decode_obsdata: time=2005/04/02 00:40:30 sat= 7
4 decode_obsdata: ver=2.10
4 decode_obsdata: time=2005/04/02 00:40:30 sat=11
4 decode_obsdata: ver=2.10
4 decode_obsdata: time=2005/04/02 00:40:30 sat=19
4 decode_obsdata: ver=2.10
4 decode_obsdata: time=2005/04/02 00:40:30 sat=20
4 decode_obsdata: ver=2.10
4 decode_obsdata: time=2005/04/02 00:40:30 sat=24
4 decode_obsdata: ver=2.10
4 decode_obsdata: time=2005/04/02 00:40:30 sat=28
4 decode_obsepoch: ver=2.10
4 decode_obsepoch: time=2005/04/02 00:41:00.003 flag=0
4 decode_obsdata: ver=2.10
4 decode_obsdata: time=2005/04/02 00:41:00 sat= 1
4 decode_obsdata: ver=2.10
4 decode_obsdata: time=2005/04/02 00:41:00 sat= 4
4 decode_obsdata: ver=2.10
4 decode_obsdata: time=2005/04/02 00:41:00 sat= 7
4 decode_obsdata: ver=2.10
4 decode_obsdata: time=2005/04/02 00:41:00 sat=11
4 decode_obsdata: ver=2.10
4 decode_obsdata: time=2005/04/02 00:41:00 sat=19
4 decode_obsdata: ver=2.10
4 decode_obsdata: time=2005/04/02 00:41:00 sat=20
4 decode_obsdata: ver=2.10
4 decode_obsdata: time=2005/04/02 00:41:00 sat=24
4 decode_obsdata: ver=2.10
4 decode_obsdata: time=2005/04/02 00:41:00 sat=28
4 decode_obsepoch: ver=2.10
4 decode_obsepoch: time=2005/04/02 00:41:30.003 flag=0
4 decode_obsdata: ver=2.10
4 decode_obsdata: time=2005/04/02 00:41:30 sat= 1
4 decode_obsdata: ver=2.10
4 decode_obsdata: time=2005/04/02 00:41:30 sat= 4
4 decode_obsdata: ver=2.10
4 decode_obsdata: time=2005/04/02 00:41:30 sat= 7
4 decode_obsdata: ver=2.10
4 decode_obsdata: time=2005/04/02 00:41:30 sat=11
4 decode_obsdata: ver=2.10
4 decode_obsdata: time=2005/04/02 00:41:30 sat=19
4 decode_obsdata: ver=2.10
4 decode_obsdata: time=2005/04/02 00:41:30 sat=20
4 decode_obsdata: ver=2.10
4 decode_obsdata: time=2005/04/02 00:41:30 sat=24
4 decode_obsdata: ver=2.10
4 decode_obsdata: time=2005/04/02 00:41:30 sat=28
4 decode_obsepoch: ver=2.10
4 decode_obsepoch: time=2005/04/02 00:42:00.003 flag=0
4 decode_obsdata: ver=2.10
4 decode_obsdata: time=2005/04/02 00:42:00 sat= 1
4 decode_obsdata: ver=2.10
4 decode_obsdata: time=2005/04/02 00:42:00 sat= 4
4 decode_obsdata: ver=2.10
4 decode_obsdata: time=2005/04/02 00:42:00 sat= 7
4 decode_obsdata: ver=2.10
4 decode_obsdata: time=2005/04/02 00:42:00 sat=11
4 decode_obsdata: ver=2.10
4 decode_obsdata: time=2005/04/02 00:42:00 sat=19
4 decode_obsdata: ver=2.10
4 decode_obsdata: time=2005/04/02 00:42:00 sat=20
4 decode_obsdata: ver=2.10
4 decode_obsdata: time=2005/04/02 00:42:00 sat=24
4 decode_obsdata: ver=2.10
4 decode_obsdata: time=2005/04/02 00:42:00 sat=28
4 decode_obsepoch: ver=2.10
4 decode_obsepoch: time=2005/04/02 00:42:30.003 flag=0
4 decode_obsdata: ver=2.10
4 decode_obsdata: time=2005/04/02 00:42:30 sat= 1
4 decode_obsdata: ver=2.10
4 decode_obsdata: time=2005/04/02 00:42:30 sat= 4
4 decode_obsdata: ver=2.10
4 decode_obsdata: time=2005/04/02 00:42:30 sat= 7
4 decode_obsdata: ver=2.10
4 decode_obsdata: time=2005/04/02 00:42:30 sat=11
4 decode_obsdata: ver=2.10
4 decode_obsdata: time=2005/04/02 00:42:30 sat=19
4 decode_obsdata: ver=2.10
4 decode_obsdata: time=2005/04/02 00:42:30 sat=20
4 decode_obsdata: ver=2.10
4 decode_obsdata: time=2005/04/02 00:42:30 sat=24
4 decode_obsdata: ver=2.10
4 decode_obsdata: time=2005/04/02 00:42:30 sat=28
4 decode_obsepoch: ver=2.10
4 decode_obsepoch: time=2005/04/02 00:43:00.003 flag=0
4 decode_obsdata: ver=2.10
4 decode_obsdata: time=2005/04/02 00:43:00 sat= 1
4 decode_obsdata: ver=2.10
4 decode_obsdata: time=2005/04/02 00:43:00 sat= 4
4 decode_obsdata: ver=2.10
4 decode_obsdata: time=2005/04/02 00:43:00 sat= 7
4 decode_obsdata: ver=2.10
4 decode_obsdata: time=2005/04/02 00:43:00 sat=11
4 decode_obsdata: ver=2.10
4 decode_obsdata: time=2005/04/02 00:43:00 sat=19
4 decode_obsdata: ver=2.10
4 decode_obsdata: time=2005/04/02 00:43:00 sat=20
4 decode_obsdata: ver=2.10
4 decode_obsdata: time=2005/04/02 00:43:00 sat=24
4 decode_obsdata: ver=2.10
4 decode_obsdata: time=2005/04/02 00:43:00 sat=28
4 decode_obsepoch: ver=2.10
4 decode_obsepoch: time=2005/04/02 00:43:30.003 flag=0
4 decode_obsdata: ver=2.10
4 decode_obsdata: time=2005/04/02 00:43:30 sat= 1
4 decode_obsdata: ver=2.10
4 decode_obsdata: time=2005/04/02 00:43:30 sat= 4
4 decode_obsdata: ver=2.10
4 decode_obsdata: time=2005/04/02 00:43:30 sat= 7
4 decode_obsdata: ver=2.10
4 decode_obsdata: time=2005/04/02 00:43:30 sat=11
4 decode_obsdata: ver=2.10
4 decode_obsdata: time=2005/04/02 00:43:30 sat=19
4 decode_obsdata: ver=2.10
4 decode_obsdata: time=2005/04/02 00:43:30 sat=20
4 decode_obsdata: ver=2.10
4 decode_obsdata: time=2005/04/02 00:43:30 sat=24
4 decode_obsdata: ver=2.10
4 decode_obsdata: time=2005/04/02 00:43:30 sat=28
4 decode_obsepoch: ver=2.10
4 decode_obsepoch: time=2005/04/02 00:44:00.003 flag=0
4 decode_obsdata: ver=2.10
4 decode_obsdata: time=2005/04/02 00:44:00 sat= 1
4 decode_obsdata: ver=2.10
4 decode_obsdata: time=2005/04/02 00:44:00 sat= 4
4 decode_obsdata: ver=2.10
4 decode_obsdata: time=2005/04/02 00:44:00 sat= 7
4 decode_obsdata: ver=2.10
4 decode_obsdata: time=2005/04/02 00:44:00 sat=11
4 decode_obsdata: ver=2.10
4 decode_obsdata: time=2005/04/02 00:44:00 sat=19
4 decode_obsdata: ver=2.10
4 decode_obsdata: time=2005/04/02 00:44:00 sat=20
4 decode_obsdata: ver=2.10
4 decode_obsdata: time=2005/04/02 00:44:00 sat=24
4 decode_obsdata: ver=2.10
4 decode_obsdata: time=2005/04/02 00:44:00 sat=28
4 decode_obsepoch: ver=2.10
4 decode_obsepoch: time=2005/04/02 00:44:30.003 flag=0
4 decode_obsdata: ver=2.10
4 decode_obsdata: time=2005/04/02 00:44:30 sat= 1
4 decode_obsdata: ver=2.10
4 decode_obsdata: time=2005/04/02 00:44:30 sat= 4
4 decode_obsdata: ver=2.10
4 decode_obsdata: time=2005/04/02 00:44:30 sat= 7
4 decode_obsdata: ver=2.10
4 decode_obsdata: time=2005/04/02 00:44:30 sat=11
4 decode_obsdata: ver=2.10
4 decode_obsdata: time=2005/04/02 00:44:30 sat=19
4 decode_obsdata: ver=2.10
4 decode_obsdata: time=2005/04/02 00:44:30 sat=20
4 decode_obsdata: ver=2.10
4 decode_obsdata: time=2005/04/02 00:44:30 sat=24
4 decode_obsdata: ver=2.10
4 decode_obsdata: time=2005/04/02 00:44:30 sat=28
4 decode_obsepoch: ver=2.10
4 decode_obsepoch: time=2005/04/02 00:45:00.004 flag=0
4 decode_obsdata: ver=2.10
4 decode_obsdata: time=2005/04/02 00:45:00 sat= 1
4 decode_obsdata: ver=2.10
4 decode_obsdata: time=2005/04/02 00:45:00 sat= 4
4 decode_obsdata: ver=2.10
4 decode_obsdata: time=2005/04/02 00:45:00 sat= 7
4 decode_obsdata: ver=2.10
4 decode_obsdata: time=2005/04/02 00:45:00 sat=11
4 decode_obsdata: ver=2.10
4 decode_obsdata: time=2005/04/02 00:45:00 sat=19
4 decode_obsdata: ver=2.10
4 decode_obsdata: time=2005/04/02 00:45:00 sat=20
4 decode_obsdata: ver=2.10
4 decode_obsdata: time=2005/04/02 00:45:00 sat=24
4 decode_obsdata: ver=2.10
4 decode_obsdata: time=2005/04/02 00:45:00 sat=28
4 decode_obsepoch: ver=2.10
4 decode_obsepoch: time=2005/04/02 00:45:30.004 flag=0
4 decode_obsdata: ver=2.10
4 decode_obsdata: time=2005/04/02 00:45:30 sat= 1
4 decode_obsdata: ver=2.10
4 decode_obsdata: time=2005/04/02 00:45:30 sat= 4
4 decode_obsdata: ver=2.10
4 decode_obsdata: time=2005/04/02 00:45:30 sat= 7
4 decode_obsdata: ver=2.10
4 decode_obsdata: time=2005/04/02 00:45:30 sat=11
4 decode_obsdata: ver=2.10
4 decode_obsdata: time=2005/04/02 00:45:30 sat=19
4 decode_obsdata: ver=2.10
4 decode_obsdata: time=2005/04/02 00:45:30 sat=20
4 decode_obsdata: ver=2.10
4 decode_obsdata: time=2005/04/02 00:45:30 sat=24
4 decode_obsdata: ver=2.10
4 decode_obsdata: time=2005/04/02 00:45:30 sat=28
4 decode_obsepoch: ver=2.10
4 decode_obsepoch: time=2005/04/02 00:46:00.004 flag=0
4 decode_obsdata: ver=2.10
4 decode_obsdata: time=2005/04/02 00:46:00 sat= 1
4 decode_obsdata: ver=2.10
4 decode_obsdata: time=2005/04/02 00:46:00 sat= 4
4 decode_obsdata: ver=2.10
4 decode_obsdata: time=2005/04/02 00:46:00 sat= 7
4 decode_obsdata: ver=2.10
4 decode_obsdata: time=2005/04/02 00:46:00 sat=11
4 decode_obsdata: ver=2.10
4 decode_obsdata: time=2005/04/02 00:46:00 sat=19
4 decode_obsdata: ver=2.10
4 decode_obsdata: time=2005/04/02 00:46:00 sat=20
4 decode_obsdata: ver=2.10
4 decode_obsdata: time=2005/04/02 00:46:00 sat=24
4 decode_obsdata: ver=2.10
4 decode_obsdata: time=2005/04/02 00:46:00 sat=28
4 decode_obsepoch: ver=2.10
4 decode_obsepoch: time=2005/04/02 00:46:30.004 flag=0
4 decode_obsdata: ver=2.10
4 decode_obsdata: time=2005/04/02 00:46:30 sat= 1
4 decode_obsdata: ver=2.10
4 decode_obsdata: time=2005/04/02 00:46:30 sat= 4
4 decode_obsdata: ver=2.10
4 decode_obsdata: time=2005/04/02 00:46:30 sat= 7
4 decode_obsdata: ver=2.10
4 decode_obsdata: time=2005/04/02 00:46:30 sat=11
4 decode_obsdata: ver=2.10
4 decode_obsdata: time=2005/04/02 00:46:30 sat=19
4 decode_obsdata: ver=2.10
4 decode_obsdata: time=2005/04/02 00:46:30 sat=20
4 decode_obsdata: ver=2.10
4 decode_obsdata: time=2005/04/02 00:46:30 sat=24
4 decode_obsdata: ver=2.10
4 decode_obsdata: time=2005/04/02 00:46:30 sat=28
4 decode_obsepoch: ver=2.10
4 decode_obsepoch: time=2005/04/02 00:47:00.004 flag=0
4 decode_obsdata: ver=2.10
4 decode_obsdata: time=2005/04/02 00:47:00 sat= 1
4 decode_obsdata: ver=2.10
4 decode_obsdata: time=2005/04/02 00:47:00 sat= 4
4 decode_obsdata: ver=2.10
4 decode_obsdata: time=2005/04/02 00:47:00 sat= 7
4 decode_obsdata: ver=2.10
4 decode_obsdata: time=2005/04/02 00:47:00 sat=11
4 decode_obsdata: ver=2.10
4 decode_obsdata: time=2005/04/02 00:47:00 sat=19
4 decode_obsdata: ver=2.10
4 decode_obsdata: time=2005/04/02 00:47:00 sat=20
4 decode_obsdata: ver=2.10
4 decode_obsdata: time=2005/04/02 00:47:00 sat=24
4 decode_obsdata: ver=2.10
4 decode_obsdata: time=2005/04/02 00:47:00 sat=28
4 decode_obsepoch: ver=2.10
4 decode_obsepoch: time=2005/04/02 00:47:30.004 flag=0
4 decode_obsdata: ver=2.10
4 decode_obsdata: time=2005/04/02 00:47:30 sat= 1
4 decode_obsdata: ver=2.10
4 decode_obsdata: time=2005/04/02 00:47:30 sat= 4
4 decode_obsdata: ver=2.10
4 decode_obsdata: time=2005/04/02 00:47:30 sat= 7
4 decode_obsdata: ver=2.10
4 decode_obsdata: time=2005/04/02 00:47:30 sat=11
4 decode_obsdata: ver=2.10
4 decode_obsdata: time=2005/04/02 00:47:30 sat=19
4 decode_obsdata: ver=2.10
4 decode_obsdata: time=2005/04/02 00:47:30 sat=20
4 decode_obsdata: ver=2.10
4 decode_obsdata: time=2005/04/02 00:47:30 sat=24
4 decode_obsdata: ver=2.10
4 decode_obsdata: time=2005/04/02 00:47:30 sat=28
4 decode_obsepoch: ver=2.10
4 decode_obsh: ver=2.10
4 decode_obsepoch: ver=2.10
4 decode_obsepoch: time=2005/04/02 00:48:00.004 flag=0
4 decode_obsdata: ver=2.10
4 decode_obsdata: time=2005/04/02 00:48:00 sat= 1
4 decode_obsdata: ver=2.10
4 decode_obsdata: time=2005/04/02 00:48:00 sat= 4
4 decode_obsdata: ver=2.10
4 decode_obsdata: time=2005/04/02 00:48:00 sat= 7
4 decode_obsdata: ver=2.10
4 decode_obsdata: time=2005/04/02 00:48:00 sat=11
4 decode_obsdata: ver=2.10
4 decode_obsdata: time=2005/04/02 00:48:00 sat=19
4 decode_obsdata: ver=2.10
4 decode_obsdata: time=2005/04/02 00:48:00 sat=20
4 decode_obsdata: ver=2.10
4 decode_obsdata: time=2005/04/02 00:48:00 sat=24
4 decode_obsdata: ver=2.10
4 decode_obsdata: time=2005/04/02 00:48:00 sat=28
4 decode_obsepoch: ver=2.10
4 decode_obsepoch: time=2005/04/02 00:48:30.004 flag=0
4 decode_obsdata: ver=2.10
4 decode_obsdata: time=2005/04/02 00:48:30 sat= 1
4 decode_obsdata: ver=2.10
4 decode_obsdata: time=2005/04/02 00:48:30 sat= 4
4 decode_obsdata: ver=2.10
4 decode_obsdata: time=2005/04/02 00:48:30 sat= 7
4 decode_obsdata: ver=2.10
4 decode_obsdata: time=2005/04/02 00:48:30 sat=11
4 decode_obsdata: ver=2.10
4 decode_obsdata: time=2005/04/02 00:48:30 sat=19
4 decode_obsdata: ver=2.10
4 decode_obsdata: time=2005/04/02 00:48:30 sat=20
4 decode_obsdata: ver=2.10
4 decode_obsdata: time=2005/04/02 00:48:30 sat=24
4 decode_obsdata: ver=2.10
4 decode_obsdata: time=2005/04/02 00:48:30 sat=28
4 decode_obsepoch: ver=2.10
4 decode_obsepoch: time=2005/04/02 00:49:00.004 flag=0
4 decode_obsdata: ver=2.10
4 decode_obsdata: time=2005/04/02 00:49:00 sat= 1
4 decode_obsdata: ver=2.10
4 decode_obsdata: time=2005/04/02 00:49:00 sat= 4
4 decode_obsdata: ver=2.10
4 decode_obsdata: time=2005/04/02 00:49:00 sat= 7
4 decode_obsdata: ver=2.10
4 decode_obsdata: time=2005/04/02 00:49:00 sat=11
4 decode_obsdata: ver=2.10
4 decode_obsdata: time=2005/04/02 00:49:00 sat=19
4 decode_obsdata: ver=2.10
4 decode_obsdata: time=2005/04/02 00:49:00 sat=20
4 decode_obsdata: ver=2.10
4 decode_obsdata: time=2005/04/02 00:49:00 sat=24
4 decode_obsdata: ver=2.10
4 decode_obsdata: time=2005/04/02 00:49:00 sat=28
4 decode_obsepoch: ver=2.10
4 decode_obsepoch: time=2005/04/02 00:49:30.004 flag=0
4 decode_obsdata: ver=2.10
4 decode_obsdata: time=2005/04/02 00:49:30 sat= 1
4 decode_obsdata: ver=2.10
4 decode_obsdata: time=2005/04/02 00:49:30 sat= 4
4 decode_obsdata: ver=2.10
4 decode_obsdata: time=2005/04/02 00:49:30 sat= 7
4 decode_obsdata: ver=2.10
4 decode_obsdata: time=2005/04/02 00:49:30 sat=11
4 decode_obsdata: ver=2.10
4 decode_obsdata: time=2005/04/02 00:49:30 sat=19
4 decode_obsdata: ver=2.10
4 decode_obsdata: time=2005/04/02 00:49:30 sat=20
4 decode_obsdata: ver=2.10
4 decode_obsdata: time=2005/04/02 00:49:30 sat=24
4 decode_obsdata: ver=2.10
4 decode_obsdata: time=2005/04/02 00:49:30 sat=28
4 decode_obsepoch: ver=2.10
4 decode_obsepoch: time=2005/04/02 00:50:00.004 flag=0
4 decode_obsdata: ver=2.10
4 decode_obsdata: time=2005/04/02 00:50:00 sat= 1
4 decode_obsdata: ver=2.10
4 decode_obsdata: time=2005/04/02 00:50:00 sat= 4
4 decode_obsdata: ver=2.10
4 decode_obsdata: time=2005/04/02 00:50:00 sat= 7
4 decode_obsdata: ver=2.10
4 decode_obsdata: time=2005/04/02 00:50:00 sat=11
4 decode_obsdata: ver=2.10
4 decode_obsdata: time=2005/04/02 00:50:00 sat=19
4 decode_obsdata: ver=2.10
4 decode_obsdata: time=2005/04/02 00:50:00 sat=20
4 decode_obsdata: ver=2.10
4 decode_obsdata: time=2005/04/02 00:50:00 sat=24
4 decode_obsdata: ver=2.10
4 decode_obsdata: time=2005/04/02 00:50:00 sat=28
4 decode_obsepoch: ver=2.10
4 decode_obsepoch: time=2005/04/02 00:50:30.004 flag=0
4 decode_obsdata: ver=2.10
4 decode_obsdata: time=2005/04/02 00:50:30 sat= 1
4 decode_obsdata: ver=2.10
4 decode_obsdata: time=2005/04/02 00:50:30 sat= 4
4 decode_obsdata: ver=2.10
4 decode_obsdata: time=2005/04/02 00:50:30 sat= 7
4 decode_obsdata: ver=2.10
4 decode_obsdata: time=2005/04/02 00:50:30 sat=11
4 decode_obsdata: ver=2.10
4 decode_obsdata: time=2005/04/02 00:50:30 sat=19
4 decode_obsdata: ver=2.10
4 decode_obsdata: time=2005/04/02 00:50:30 sat=20
4 decode_obsdata: ver=2.10
4 decode_obsdata: time=2005/04/02 00:50:30 sat=24
4 decode_obsdata: ver=2.10
4 decode_obsdata: time=2005/04/02 00:50:30 sat=28
4 decode_obsepoch: ver=2.10
4 decode_obsepoch: time=2005/04/02 00:51:00.004 flag=0
4 decode_obsdata: ver=2.10
4 decode_obsdata: time=2005/04/02 00:51:00 sat= 1
4 decode_obsdata: ver=2.10
4 decode_obsdata: time=2005/04/02 00:51:00 sat= 4
4 decode_obsdata: ver=2.10
4 decode_obsdata: time=2005/04/02 00:51:00 sat= 7
4 decode_obsdata: ver=2.10
4 decode_obsdata: time=2005/04/02 00:51:00 sat=11
4 decode_obsdata: ver=2.10
4 decode_obsdata: time=2005/04/02 00:51:00 sat=19
4 decode_obsdata: ver=2.10
4 decode_obsdata: time=2005/04/02 00:51:00 sat=20
4 decode_obsdata: ver=2.10
4 decode_obsdata: time=2005/04/02 00:51:00 sat=24
4 decode_obsdata: ver=2.10
4 decode_obsdata: time=2005/04/02 00:51:00 sat=28
4 decode_obsepoch: ver=2.10
4 decode_obsepoch: time=2005/04/02 00:51:30.004 flag=0
4 decode_obsdata: ver=2.10
4 decode_obsdata: time=2005/04/02 00:51:30 sat= 1
4 decode_obsdata: ver=2.10
4 decode_obsdata: time=2005/04/02 00:51:30 sat= 4
4 decode_obsdata: ver=2.10
4 decode_obsdata: time=2005/04/02 00:51:30 sat= 7
4 decode_obsdata: ver=2.10
4 decode_obsdata: time=2005/04/02 00:51:30 sat=11
4 decode_obsdata: ver=2.10
4 decode_obsdata: time=2005/04/02 00:51:30 sat=19
4 decode_obsdata: ver=2.10
4 decode_obsdata: time=2005/04/02 00:51:30 sat=20
4 decode_obsdata: ver=2.10
4 decode_obsdata: time=2005/04/02 00:51:30 sat=24
4 decode_obsdata: ver=2.10
4 decode_obsdata: time=2005/04/02 00:51:30 sat=28
4 decode_obsepoch: ver=2.10
4 decode_obsepoch: time=2005/04/02 00:52:00.004 flag=0
4 decode_obsdata: ver=2.10
4 decode_obsdata: time=2005/04/02 00:52:00 sat= 1
4 decode_obsdata: ver=2.10
4 decode_obsdata: time=2005/04/02 00:52:00 sat= 4
4 decode_obsdata: ver=2.10
4 decode_obsdata: time=2005/04/02 00:52:00 sat= 7
4 decode_obsdata: ver=2.10
4 decode_obsdata: time=2005/04/02 00:52:00 sat=11
4 decode_obsdata: ver=2.10
4 decode_obsdata: time=2005/04/02 00:52:00 sat=19
4 decode_obsdata: ver=2.10
4 decode_obsdata: time=2005/04/02 00:52:00 sat=20
4 decode_obsdata: ver=2.10
4 decode_obsdata: time=2005/04/02 00:52:00 sat=24
4 decode_obsdata: ver=2.10
4 decode_obsdata: time=2005/04/02 00:52:00 sat=28
4 decode_obsepoch: ver=2.10
4 decode_obsepoch: time=2005/04/02 00:52:30.004 flag=0
4 decode_obsdata: ver=2.10
4 decode_obsdata: time=2005/04/02 00:52:30 sat= 1
4 decode_obsdata: ver=2.10
4 decode_obsdata: time=2005/04/02 00:52:30 sat= 4
4 decode_obsdata: ver=2.10
4 decode_obsdata: time=2005/04/02 00:52:30 sat= 7
4 decode_obsdata: ver=2.10
4 decode_obsdata: time=2005/04/02 00:52:30 sat=11
4 decode_obsdata: ver=2.10
4 decode_obsdata: time=2005/04/02 00:52:30 sat=19
4 decode_obsdata: ver=2.10
4 decode_obsdata: time=2005/04/02 00:52:30 sat=20
4 decode_obsdata: ver=2.10
4 decode_obsdata: time=2005/04/02 00:52:30 sat=23
4 decode_obsdata: ver=2.10
4 decode_obsdata: time=2005/04/02 00:52:30 sat=24
4 decode_obsdata: ver=2.10
4 decode_obsdata: time=2005/04/02 00:52:30 sat=28
4 decode_obsepoch: ver=2.10
4 decode_obsepoch: time=2005/04/02 00:53:00.004 flag=0
4 decode_obsdata: ver=2.10
4 decode_obsdata: time=2005/04/02 00:53:00 sat= 1
4 decode_obsdata: ver=2.10
4 decode_obsdata: time=2005/04/02 00:53:00 sat= 4
4 decode_obsdata: ver=2.10
4 decode_obsdata: time=2005/04/02 00:53:00 sat= 7
4 decode_obsdata: ver=2.10
4 decode_obsdata: time=2005/04/02 00:53:00 sat=11
4 decode_obsdata: ver=2.10
4 decode_obsdata: time=2005/04/02 00:53:00 sat=19
4 decode_obsdata: ver=2.10
4 decode_obsdata: time=2005/04/02 00:53:00 sat=20
4 decode_obsdata: ver=2.10
4 decode_obsdata: time=2005/04/02 00:53:00 sat=23
4 decode_obsdata: ver=2.10
4 decode_obsdata: time=2005/04/02 00:53:00 sat=24
4 decode_obsdata: ver=2.10
4 decode_obsdata: time=2005/04/02 00:53:00 sat=28
4 decode_obsepoch: ver=2.10
4 decode_obsepoch: time=2005/04/02 00:53:30.004 flag=0
4 decode_obsdata: ver=2.10
4 decode_obsdata: time=2005/04/02 00:53:30 sat= 1
4 decode_obsdata: ver=2.10
4 decode_obsdata: time=2005/04/02 00:53:30 sat= 4
4 decode_obsdata: ver=2.10
4 decode_obsdata: time=2005/04/02 00:53:30 sat= 7
4 decode_obsdata: ver=2.10
4 decode_obsdata: time=2005/04/02 00:53:30 sat=11
4 decode_obsdata: ver=2.10
4 decode_obsdata: time=2005/04/02 00:53:30 sat=19
4 decode_obsdata: ver=2.10
4 decode_obsdata: time=2005/04/02 00:53:30 sat=20
4 decode_obsdata: ver=2.10
4 decode_obsdata: time=2005/04/02 00:53:30 sat=23
4 decode_obsdata: ver=2.10
4 decode_obsdata: time=2005/04/02 00:53:30 sat=24
4 decode_obsdata: ver=2.10
4 decode_obsdata: time=2005/04/02 00:53:30 sat=28
4 decode_obsepoch: ver=2.10
4 decode_obsepoch: time=2005/04/02 00:54:00.004 flag=0
4 decode_obsdata: ver=2.10
4 decode_obsdata: time=2005/04/02 00:54:00 sat= 1
4 decode_obsdata: ver=2.10
4 decode_obsdata: time=2005/04/02 00:54:00 sat= 4
4 decode_obsdata: ver=2.10
4 decode_obsdata: time=2005/04/02 00:54:00 sat= 7
4 decode_obsdata: ver=2.10
4 decode_obsdata: time=2005/04/02 00:54:00 sat=11
4 decode_obsdata: ver=2.10
4 decode_obsdata: time=2005/04/02 00:54:00 sat=19
4 decode_obsdata: ver=2.10
4 decode_obsdata: time=2005/04/02 00:54:00 sat=20
4 decode_obsdata: ver=2.10
4 decode_obsdata: time=2005/04/02 00:54:00 sat=23
4 decode_obsdata: ver=2.10
4 decode_obsdata: time=2005/04/02 00:54:00 sat=24
4 decode_obsdata: ver=2.10
4 decode_obsdata: time=2005/04/02 00:54:00 sat=28
4 decode_obsepoch: ver=2.10
4 decode_obsepoch: time=2005/04/02 00:54:30.004 flag=0
4 decode_obsdata: ver=2.10
4 decode_obsdata: time=2005/04/02 00:54:30 sat= 1
4 decode_obsdata: ver=2.10
4 decode_obsdata: time=2005/04/02 00:54:30 sat= 4
4 decode_obsdata: ver=2.10
4 decode_obsdata: time=2005/04/02 00:54:30 sat= 7
4 decode_obsdata: ver=2.10
4 decode_obsdata: time=2005/04/02 00:54:30 sat=11
4 decode_obsdata: ver=2.10
4 decode_obsdata: time=2005/04/02 00:54:30 sat=19
4 decode_obsdata: ver=2.10
4 decode_obsdata: time=2005/04/02 00:54:30 sat=20
4 decode_obsdata: ver=2.10
4 decode_obsdata: time=2005/04/02 00:54:30 sat=23
4 decode_obsdata: ver=2.10
4 decode_obsdata: time=2005/04/02 00:54:30 sat=24
4 decode_obsdata: ver=2.10
4 decode_obsdata: time=2005/04/02 00:54:30 sat=28
4 decode_obsepoch: ver=2.10
4 decode_obsepoch: time=2005/04/02 00:55:00.004 flag=0
4 decode_obsdata: ver=2.10
4 decode_obsdata: time=2005/04/02 00:55:00 sat= 1
4 decode_obsdata: ver=2.10
4 decode_obsdata: time=2005/04/02 00:55:00 sat= 4
4 decode_obsdata: ver=2.10
4 decode_obsdata: time=2005/04/02 00:55:00 sat= 7
4 decode_obsdata: ver=2.10
4 decode_obsdata: time=2005/04/02 00:55:00 sat=11
4 decode_obsdata: ver=2.10
4 decode_obsdata: time=2005/04/02 00:55:00 sat=19
4 decode_obsdata: ver=2.10
4 decode_obsdata: time=2005/04/02 00:55:00 sat=20
4 decode_obsdata: ver=2.10
4 decode_obsdata: time=2005/04/02 00:55:00 sat=23
4 decode_obsdata: ver=2.10
4 decode_obsdata: time=2005/04/02 00:55:00 sat=24
4 decode_obsdata: ver=2.10
4 decode_obsdata: time=2005/04/02 00:55:00 sat=28
4 decode_obsepoch: ver=2.10
4 decode_obsepoch: time=2005/04/02 00:55:30.004 flag=0
4 decode_obsdata: ver=2.10
4 decode_obsdata: time=2005/04/02 00:55:30 sat= 1
4 decode_obsdata: ver=2.10
4 decode_obsdata: time=2005/04/02 00:55:30 sat= 4
4 decode_obsdata: ver=2.10
4 decode_obsdata: time=2005/04/02 00:55:30 sat= 7
4 decode_obsdata: ver=2.10
4 decode_obsdata: time=2005/04/02 00:55:30 sat=11
4 decode_obsdata: ver=2.10
4 decode_obsdata: time=2005/04/02 00:55:30 sat=19
4 decode_obsdata: ver=2.10
4 decode_obsdata: time=2005/04/02 00:55:30 sat=20
4 decode_obsdata: ver=2.10
4 decode_obsdata: time=2005/04/02 00:55:30 sat=23
4 decode_obsdata: ver=2.10
4 decode_obsdata: time=2005/04/02 00:55:30 sat=24
4 decode_obsdata: ver=2.10
4 decode_obsdata: time=2005/04/02 00:55:30 sat=28
4 decode_obsepoch: ver=2.10
4 decode_obsepoch: time=2005/04/02 00:56:00.004 flag=0
4 decode_obsdata: ver=2.10
4 decode_obsdata: time=2005/04/02 00:56:00 sat= 1
4 decode_obsdata: ver=2.10
4 decode_obsdata: time=2005/04/02 00:56:00 sat= 4
4 decode_obsdata: ver=2.10
4 decode_obsdata: time=2005/04/02 00:56:00 sat= 7
4 decode_obsdata: ver=2.10
4 decode_obsdata: time=2005/04/02 00:56:00 sat=11
4 decode_obsdata: ver=2.10
4 decode_obsdata: time=2005/04/02 00:56:00 sat=19
4 decode_obsdata: ver=2.10
4 decode_obsdata: time=2005/04/02 00:56:00 sat=20
4 decode_obsdata: ver=2.10
4 decode_obsdata: time=2005/04/02 00:56:00 sat=23
4 decode_obsdata: ver=2.10
4 decode_obsdata: time=2005/04/02 00:56:00 sat=24
4 decode_obsdata: ver=2.10
4 decode_obsdata: time=2005/04/02 00:56:00 sat=28
4 decode_obsepoch: ver=2.10
4 decode_obsepoch: time=2005/04/02 00:56:30.004 flag=0
4 decode_obsdata: ver=2.10
4 decode_obsdata: time=2005/04/02 00:56:30 sat= 1
4 decode_obsdata: ver=2.10
4 decode_obsdata: time=2005/04/02 00:56:30 sat= 4
4 decode_obsdata: ver=2.10
4 decode_obsdata: time=2005/04/02 00:56:30 sat= 7
4 decode_obsdata: ver=2.10
4 decode_obsdata: time=2005/04/02 00:56:30 sat=11
4 decode_obsdata: ver=2.10
4 decode_obsdata: time=2005/04/02 00:56:30 sat=19
4 decode_obsdata: ver=2.10
4 decode_obsdata: time=2005/04/02 00:56:30 sat=20
4 decode_obsdata: ver=2.10
4 decode_obsdata: time=2005/04/02 00:56:30 sat=23
4 decode_obsdata: ver=2.10
4 decode_obsdata: time=2005/04/02 00:56:30 sat=24
4 decode_obsdata: ver=2.10
4 decode_obsdata: time=2005/04/02 00:56:30 sat=28
4 decode_obsepoch: ver=2.10
4 decode_obsepoch: time=2005/04/02 00:57:00.005 flag=0
4 decode_obsdata: ver=2.10
4 decode_obsdata: time=2005/04/02 00:57:00 sat= 1
4 decode_obsdata: ver=2.10
4 decode_obsdata: time=2005/04/02 00:57:00 sat= 4
4 decode_obsdata: ver=2.10
4 decode_obsdata: time=2005/04/02 00:57:00 sat= 7
4 decode_obsdata: ver=2.10
4 decode_obsdata: time=2005/04/02 00:57:00 sat=11
4 decode_obsdata: ver=2.10
4 decode_obsdata: time=2005/04/02 00:57:00 sat=19
4 decode_obsdata: ver=2.10
4 decode_obsdata: time=2005/04/02 00:57:00 sat=20
4 decode_obsdata: ver=2.10
4 decode_obsdata: time=2005/04/02 00:57:00 sat=23
4 decode_obsdata: ver=2.10
4 decode_obsdata: time=2005/04/02 00:57:00 sat=24
4 decode_obsdata: ver=2.10
4 decode_obsdata: time=2005/04/02 00:57:00 sat=28
4 decode_obsepoch: ver=2.10
4 decode_obsepoch: time=2005/04/02 00:57:30.005 flag=0
4 decode_obsdata: ver=2.10
4 decode_obsdata: time=2005/04/02 00:57:30 sat= 1
4 decode_obsdata: ver=2.10
4 decode_obsdata: time=2005/04/02 00:57:30 sat= 4
4 decode_obsdata: ver=2.10
4 decode_obsdata: time=2005/04/02 00:57:30 sat= 7
4 decode_obsdata: ver=2.10
4 decode_obsdata: time=2005/04/02 00:57:30 sat=11
4 decode_obsdata: ver=2.10
4 decode_obsdata: time=2005/04/02 00:57:30 sat=19
4 decode_obsdata: ver=2.10
4 decode_obsdata: time=2005/04/02 00:57:30 sat=20
4 decode_obsdata: ver=2.10
4 decode_obsdata: time=2005/04/02 00:57:30 sat=23
4 decode_obsdata: ver=2.10
4 decode_obsdata: time=2005/04/02 00:57:30 sat=24
4 decode_obsdata: ver=2.10
4 decode_obsdata: time=2005/04/02 00:57:30 sat=28
4 decode_obsepoch: ver=2.10
4 decode_obsepoch: time=2005/04/02 00:58:00.005 flag=0
4 decode_obsdata: ver=2.10
4 decode_obsdata: time=2005/04/02 00:58:00 sat= 1
4 decode_obsdata: ver=2.10
4 decode_obsdata: time=2005/04/02 00:58:00 sat= 4
4 decode_obsdata: ver=2.10
4 decode_obsdata: time=2005/04/02 00:58:00 sat= 7
4 decode_obsdata: ver=2.10
4 decode_obsdata: time=2005/04/02 00:58:00 sat=11
4 decode_obsdata: ver=2.10
4 decode_obsdata: time=2005/04/02 00:58:00 sat=19
4 decode_obsdata: ver=2.10
4 decode_obsdata: time=2005/04/02 00:58:00 sat=20
4 decode_obsdata: ver=2.10
4 decode_obsdata: time=2005/04/02 00:58:00 sat=23
4 decode_obsdata: ver=2.10
4 decode_obsdata: time=2005/04/02 00:58:00 sat=24
4 decode_obsdata: ver=2.10
4 decode_obsdata: time=2005/04/02 00:58:00 sat=28
4 decode_obsepoch: ver=2.10
4 decode_obsh: ver=2.10
4 decode_obsepoch: ver=2.10
4 decode_obsepoch: time=2005/04/02 00:58:30.005 flag=0
4 decode_obsdata: ver=2.10
4 decode_obsdata: time=2005/04/02 00:58:30 sat= 1
4 decode_obsdata: ver=2.10
4 decode_obsdata: time=2005/04/02 00:58:30 sat= 4
4 decode_obsdata: ver=2.10
4 decode_obsdata: time=2005/04/02 00:58:30 sat= 7
4 decode_obsdata: ver=2.10
4 decode_obsdata: time=2005/04/02 00:58:30 sat=11
4 decode_obsdata: ver=2.10
4 decode_obsdata: time=2005/04/02 00:58:30 sat=19
4 decode_obsdata: ver=2.10
4 decode_obsdata: time=2005/04/02 00:58:30 sat=20
4 decode_obsdata: ver=2.10
4 decode_obsdata: time=2005/04/02 00:58:30 sat=23
4 decode_obsdata: ver=2.10
4 decode_obsdata: time=2005/04/02 00:58:30 sat=24
4 decode_obsdata: ver=2.10
4 decode_obsdata: time=2005/04/02 00:58:30 sat=28
4 decode_obsepoch: ver=2.10
4 decode_obsepoch: time=2005/04/02 00:59:00.005 flag=0
4 decode_obsdata: ver=2.10
4 decode_obsdata: time=2005/04/02 00:59:00 sat= 1
4 decode_obsdata: ver=2.10
4 decode_obsdata: time=2005/04/02 00:59:00 sat= 4
4 decode_obsdata: ver=2.10
4 decode_obsdata: time=2005/04/02 00:59:00 sat= 7
4 decode_obsdata: ver=2.10
4 decode_obsdata: time=2005/04/02 00:59:00 sat=11
4 decode_obsdata: ver=2.10
4 decode_obsdata: time=2005/04/02 00:59:00 sat=19
4 decode_obsdata: ver=2.10
4 decode_obsdata: time=2005/04/02 00:59:00 sat=20
4 decode_obsdata: ver=2.10
4 decode_obsdata: time=2005/04/02 00:59:00 sat=23
4 decode_obsdata: ver=2.10
4 decode_obsdata: time=2005/04/02 00:59:00 sat=24
4 decode_obsdata: ver=2.10
4 decode_obsdata: time=2005/04/02 00:59:00 sat=28
4 decode_obsepoch: ver=2.10
4 decode_obsepoch: time=2005/04/02 00:59:30.005 flag=0
4 decode_obsdata: ver=2.10
4 decode_obsdata: time=2005/04/02 00:59:30 sat= 1
4 decode_obsdata: ver=2.10
4 decode_obsdata: time=2005/04/02 00:59:30 sat= 4
4 decode_obsdata: ver=2.10
4 decode_obsdata: time=2005/04/02 00:59:30 sat= 7
4 decode_obsdata: ver=2.10
4 decode_obsdata: time=2005/04/02 00:59:30 sat=11
4 decode_obsdata: ver=2.10
4 decode_obsdata: time=2005/04/02 00:59:30 sat=19
4 decode_obsdata: ver=2.10
4 decode_obsdata: time=2005/04/02 00:59:30 sat=20
4 decode_obsdata: ver=2.10
4 decode_obsdata: time=2005/04/02 00:59:30 sat=23
4 decode_obsdata: ver=2.10
4 decode_obsdata: time=2005/04/02 00:59:30 sat=24
4 decode_obsdata: ver=2.10
4 decode_obsdata: time=2005/04/02 00:59:30 sat=28
4 decode_obsepoch: ver=2.10
4 decode_obsh: ver=2.10
4 readrnxobs: nobs=948 stat=1
3 readrnxt: file=D:\\source\\RTKLIB-rtklib_2.4.3\\test\\data\\rinex\\07590920.05n rcv=2
3 expath  : path=D:\\source\\RTKLIB-rtklib_2.4.3\\test\\data\\rinex\\07590920.05n nmax=1024
3 readrnxfile: file=D:\\source\\RTKLIB-rtklib_2.4.3\\test\\data\\rinex\\07590920.05n flag=0 index=2
3 rtk_uncompress: file=D:\\source\\RTKLIB-rtklib_2.4.3\\test\\data\\rinex\\07590920.05n
3 rtk_uncompress: stat=0
3 readrnxfp: flag=0 index=2
3 readrnxh:
4 decode_navh:
4 decode_navh:
4 decode_navh:
4 decode_navh:
4 decode_navh:
3 readrnxnav: ver=2.10 sys=1
4 readrnxnavb: ver=2.10 sys=1
4 decode_eph: ver=2.10 sat= 1
4 readrnxnavb: ver=2.10 sys=1
4 decode_eph: ver=2.10 sat= 3
4 readrnxnavb: ver=2.10 sys=1
4 decode_eph: ver=2.10 sat= 3
4 readrnxnavb: ver=2.10 sys=1
4 decode_eph: ver=2.10 sat= 4
4 readrnxnavb: ver=2.10 sys=1
4 decode_eph: ver=2.10 sat= 7
4 readrnxnavb: ver=2.10 sys=1
4 decode_eph: ver=2.10 sat= 7
4 readrnxnavb: ver=2.10 sys=1
4 decode_eph: ver=2.10 sat= 8
4 readrnxnavb: ver=2.10 sys=1
4 decode_eph: ver=2.10 sat= 8
4 readrnxnavb: ver=2.10 sys=1
4 decode_eph: ver=2.10 sat=11
4 readrnxnavb: ver=2.10 sys=1
4 decode_eph: ver=2.10 sat=11
4 readrnxnavb: ver=2.10 sys=1
4 decode_eph: ver=2.10 sat=15
4 readrnxnavb: ver=2.10 sys=1
4 decode_eph: ver=2.10 sat=16
4 readrnxnavb: ver=2.10 sys=1
4 decode_eph: ver=2.10 sat=19
4 readrnxnavb: ver=2.10 sys=1
4 decode_eph: ver=2.10 sat=19
4 readrnxnavb: ver=2.10 sys=1
4 decode_eph: ver=2.10 sat=20
4 readrnxnavb: ver=2.10 sys=1
4 decode_eph: ver=2.10 sat=20
4 readrnxnavb: ver=2.10 sys=1
4 decode_eph: ver=2.10 sat=22
4 readrnxnavb: ver=2.10 sys=1
4 decode_eph: ver=2.10 sat=23
4 readrnxnavb: ver=2.10 sys=1
4 decode_eph: ver=2.10 sat=24
4 readrnxnavb: ver=2.10 sys=1
4 decode_eph: ver=2.10 sat=24
4 readrnxnavb: ver=2.10 sys=1
4 decode_eph: ver=2.10 sat=27
4 readrnxnavb: ver=2.10 sys=1
4 decode_eph: ver=2.10 sat=28
4 readrnxnavb: ver=2.10 sys=1
4 decode_eph: ver=2.10 sat=28
4 readrnxnavb: ver=2.10 sys=1
4 decode_eph: ver=2.10 sat=13
4 readrnxnavb: ver=2.10 sys=1
4 decode_eph: ver=2.10 sat= 1
4 readrnxnavb: ver=2.10 sys=1
4 decode_eph: ver=2.10 sat= 2
4 readrnxnavb: ver=2.10 sys=1
4 decode_eph: ver=2.10 sat= 4
4 readrnxnavb: ver=2.10 sys=1
4 decode_eph: ver=2.10 sat= 7
4 readrnxnavb: ver=2.10 sys=1
4 decode_eph: ver=2.10 sat=11
4 readrnxnavb: ver=2.10 sys=1
4 decode_eph: ver=2.10 sat=13
4 readrnxnavb: ver=2.10 sys=1
4 decode_eph: ver=2.10 sat=20
4 readrnxnavb: ver=2.10 sys=1
4 decode_eph: ver=2.10 sat=23
4 readrnxnavb: ver=2.10 sys=1
4 decode_eph: ver=2.10 sat=23
4 readrnxnavb: ver=2.10 sys=1
4 decode_eph: ver=2.10 sat=24
4 readrnxnavb: ver=2.10 sys=1
4 decode_eph: ver=2.10 sat=28
4 readrnxnavb: ver=2.10 sys=1
4 decode_eph: ver=2.10 sat= 5
4 readrnxnavb: ver=2.10 sys=1
4 decode_eph: ver=2.10 sat=10
4 readrnxnavb: ver=2.10 sys=1
4 decode_eph: ver=2.10 sat= 2
4 readrnxnavb: ver=2.10 sys=1
4 decode_eph: ver=2.10 sat= 4
4 readrnxnavb: ver=2.10 sys=1
4 decode_eph: ver=2.10 sat= 5
4 readrnxnavb: ver=2.10 sys=1
4 decode_eph: ver=2.10 sat= 7
4 readrnxnavb: ver=2.10 sys=1
4 decode_eph: ver=2.10 sat= 8
4 readrnxnavb: ver=2.10 sys=1
4 decode_eph: ver=2.10 sat=10
4 readrnxnavb: ver=2.10 sys=1
4 decode_eph: ver=2.10 sat=13
4 readrnxnavb: ver=2.10 sys=1
4 decode_eph: ver=2.10 sat=20
4 readrnxnavb: ver=2.10 sys=1
4 decode_eph: ver=2.10 sat=23
4 readrnxnavb: ver=2.10 sys=1
4 decode_eph: ver=2.10 sat=24
4 readrnxnavb: ver=2.10 sys=1
4 decode_eph: ver=2.10 sat=27
4 readrnxnavb: ver=2.10 sys=1
4 decode_eph: ver=2.10 sat= 6
4 readrnxnavb: ver=2.10 sys=1
4 decode_eph: ver=2.10 sat=29
4 readrnxnavb: ver=2.10 sys=1
4 decode_eph: ver=2.10 sat= 2
4 readrnxnavb: ver=2.10 sys=1
4 decode_eph: ver=2.10 sat= 4
4 readrnxnavb: ver=2.10 sys=1
4 decode_eph: ver=2.10 sat= 6
4 readrnxnavb: ver=2.10 sys=1
4 decode_eph: ver=2.10 sat= 8
4 readrnxnavb: ver=2.10 sys=1
4 decode_eph: ver=2.10 sat=10
4 readrnxnavb: ver=2.10 sys=1
4 decode_eph: ver=2.10 sat=13
4 readrnxnavb: ver=2.10 sys=1
4 decode_eph: ver=2.10 sat=24
4 readrnxnavb: ver=2.10 sys=1
4 decode_eph: ver=2.10 sat=26
4 readrnxnavb: ver=2.10 sys=1
4 decode_eph: ver=2.10 sat=26
4 readrnxnavb: ver=2.10 sys=1
4 decode_eph: ver=2.10 sat=27
4 readrnxnavb: ver=2.10 sys=1
4 decode_eph: ver=2.10 sat=29
4 readrnxnavb: ver=2.10 sys=1
4 decode_eph: ver=2.10 sat=21
4 readrnxnavb: ver=2.10 sys=1
4 decode_eph: ver=2.10 sat= 2
4 readrnxnavb: ver=2.10 sys=1
4 decode_eph: ver=2.10 sat= 4
4 readrnxnavb: ver=2.10 sys=1
4 decode_eph: ver=2.10 sat= 6
4 readrnxnavb: ver=2.10 sys=1
4 decode_eph: ver=2.10 sat= 8
4 readrnxnavb: ver=2.10 sys=1
4 decode_eph: ver=2.10 sat= 9
4 readrnxnavb: ver=2.10 sys=1
4 decode_eph: ver=2.10 sat=10
4 readrnxnavb: ver=2.10 sys=1
4 decode_eph: ver=2.10 sat=18
4 readrnxnavb: ver=2.10 sys=1
4 decode_eph: ver=2.10 sat=21
4 readrnxnavb: ver=2.10 sys=1
4 decode_eph: ver=2.10 sat=26
4 readrnxnavb: ver=2.10 sys=1
4 decode_eph: ver=2.10 sat=27
4 readrnxnavb: ver=2.10 sys=1
4 decode_eph: ver=2.10 sat=28
4 readrnxnavb: ver=2.10 sys=1
4 decode_eph: ver=2.10 sat=29
4 readrnxnavb: ver=2.10 sys=1
4 decode_eph: ver=2.10 sat=10
4 readrnxnavb: ver=2.10 sys=1
4 decode_eph: ver=2.10 sat=15
4 readrnxnavb: ver=2.10 sys=1
4 decode_eph: ver=2.10 sat= 5
4 readrnxnavb: ver=2.10 sys=1
4 decode_eph: ver=2.10 sat= 9
4 readrnxnavb: ver=2.10 sys=1
4 decode_eph: ver=2.10 sat=10
4 readrnxnavb: ver=2.10 sys=1
4 decode_eph: ver=2.10 sat=15
4 readrnxnavb: ver=2.10 sys=1
4 decode_eph: ver=2.10 sat=18
4 readrnxnavb: ver=2.10 sys=1
4 decode_eph: ver=2.10 sat=21
4 readrnxnavb: ver=2.10 sys=1
4 decode_eph: ver=2.10 sat=22
4 readrnxnavb: ver=2.10 sys=1
4 decode_eph: ver=2.10 sat=26
4 readrnxnavb: ver=2.10 sys=1
4 decode_eph: ver=2.10 sat=28
4 readrnxnavb: ver=2.10 sys=1
4 decode_eph: ver=2.10 sat=29
4 readrnxnavb: ver=2.10 sys=1
4 decode_eph: ver=2.10 sat=14
4 readrnxnavb: ver=2.10 sys=1
4 decode_eph: ver=2.10 sat=15
4 readrnxnavb: ver=2.10 sys=1
4 decode_eph: ver=2.10 sat=30
4 readrnxnavb: ver=2.10 sys=1
4 decode_eph: ver=2.10 sat= 5
4 readrnxnavb: ver=2.10 sys=1
4 decode_eph: ver=2.10 sat= 9
4 readrnxnavb: ver=2.10 sys=1
4 decode_eph: ver=2.10 sat=14
4 readrnxnavb: ver=2.10 sys=1
4 decode_eph: ver=2.10 sat=15
4 readrnxnavb: ver=2.10 sys=1
4 decode_eph: ver=2.10 sat=18
4 readrnxnavb: ver=2.10 sys=1
4 decode_eph: ver=2.10 sat=21
4 readrnxnavb: ver=2.10 sys=1
4 decode_eph: ver=2.10 sat=22
4 readrnxnavb: ver=2.10 sys=1
4 decode_eph: ver=2.10 sat=26
4 readrnxnavb: ver=2.10 sys=1
4 decode_eph: ver=2.10 sat=29
4 readrnxnavb: ver=2.10 sys=1
4 decode_eph: ver=2.10 sat=30
4 readrnxnavb: ver=2.10 sys=1
4 decode_eph: ver=2.10 sat= 1
4 readrnxnavb: ver=2.10 sys=1
4 decode_eph: ver=2.10 sat= 6
4 readrnxnavb: ver=2.10 sys=1
4 decode_eph: ver=2.10 sat=25
4 readrnxnavb: ver=2.10 sys=1
4 decode_eph: ver=2.10 sat= 1
4 readrnxnavb: ver=2.10 sys=1
4 decode_eph: ver=2.10 sat= 5
4 readrnxnavb: ver=2.10 sys=1
4 decode_eph: ver=2.10 sat= 6
4 readrnxnavb: ver=2.10 sys=1
4 decode_eph: ver=2.10 sat= 9
4 readrnxnavb: ver=2.10 sys=1
4 decode_eph: ver=2.10 sat=14
4 readrnxnavb: ver=2.10 sys=1
4 decode_eph: ver=2.10 sat=18
4 readrnxnavb: ver=2.10 sys=1
4 decode_eph: ver=2.10 sat=22
4 readrnxnavb: ver=2.10 sys=1
4 decode_eph: ver=2.10 sat=25
4 readrnxnavb: ver=2.10 sys=1
4 decode_eph: ver=2.10 sat=30
4 readrnxnavb: ver=2.10 sys=1
4 decode_eph: ver=2.10 sat=16
4 readrnxnavb: ver=2.10 sys=1
4 decode_eph: ver=2.10 sat=20
4 readrnxnavb: ver=2.10 sys=1
4 decode_eph: ver=2.10 sat= 1
4 readrnxnavb: ver=2.10 sys=1
4 decode_eph: ver=2.10 sat= 6
4 readrnxnavb: ver=2.10 sys=1
4 decode_eph: ver=2.10 sat=14
4 readrnxnavb: ver=2.10 sys=1
4 decode_eph: ver=2.10 sat=16
4 readrnxnavb: ver=2.10 sys=1
4 decode_eph: ver=2.10 sat=20
4 readrnxnavb: ver=2.10 sys=1
4 decode_eph: ver=2.10 sat=21
4 readrnxnavb: ver=2.10 sys=1
4 decode_eph: ver=2.10 sat=23
4 readrnxnavb: ver=2.10 sys=1
4 decode_eph: ver=2.10 sat=25
4 readrnxnavb: ver=2.10 sys=1
4 decode_eph: ver=2.10 sat=30
4 readrnxnavb: ver=2.10 sys=1
4 decode_eph: ver=2.10 sat= 3
4 readrnxnavb: ver=2.10 sys=1
4 decode_eph: ver=2.10 sat=13
4 readrnxnavb: ver=2.10 sys=1
4 decode_eph: ver=2.10 sat=15
4 readrnxnavb: ver=2.10 sys=1
4 decode_eph: ver=2.10 sat= 1
4 readrnxnavb: ver=2.10 sys=1
4 decode_eph: ver=2.10 sat= 3
4 readrnxnavb: ver=2.10 sys=1
4 decode_eph: ver=2.10 sat= 6
4 readrnxnavb: ver=2.10 sys=1
4 decode_eph: ver=2.10 sat=13
4 readrnxnavb: ver=2.10 sys=1
4 decode_eph: ver=2.10 sat=15
4 readrnxnavb: ver=2.10 sys=1
4 decode_eph: ver=2.10 sat=16
4 readrnxnavb: ver=2.10 sys=1
4 decode_eph: ver=2.10 sat=19
4 readrnxnavb: ver=2.10 sys=1
4 decode_eph: ver=2.10 sat=21
4 readrnxnavb: ver=2.10 sys=1
4 decode_eph: ver=2.10 sat=23
4 readrnxnavb: ver=2.10 sys=1
4 decode_eph: ver=2.10 sat=25
4 readrnxnavb: ver=2.10 sys=1
4 decode_eph: ver=2.10 sat=27
4 readrnxnavb: ver=2.10 sys=1
4 decode_eph: ver=2.10 sat= 3
4 readrnxnavb: ver=2.10 sys=1
4 decode_eph: ver=2.10 sat= 8
4 readrnxnavb: ver=2.10 sys=1
4 decode_eph: ver=2.10 sat=11
4 readrnxnavb: ver=2.10 sys=1
4 decode_eph: ver=2.10 sat=13
4 readrnxnavb: ver=2.10 sys=1
4 decode_eph: ver=2.10 sat=15
4 readrnxnavb: ver=2.10 sys=1
4 decode_eph: ver=2.10 sat=15
4 readrnxnavb: ver=2.10 sys=1
4 decode_eph: ver=2.10 sat=16
4 readrnxnavb: ver=2.10 sys=1
4 decode_eph: ver=2.10 sat=18
4 readrnxnavb: ver=2.10 sys=1
4 decode_eph: ver=2.10 sat=19
4 readrnxnavb: ver=2.10 sys=1
4 decode_eph: ver=2.10 sat=21
4 readrnxnavb: ver=2.10 sys=1
4 decode_eph: ver=2.10 sat=22
4 readrnxnavb: ver=2.10 sys=1
4 decode_eph: ver=2.10 sat=23
4 readrnxnavb: ver=2.10 sys=1
4 decode_eph: ver=2.10 sat=25
4 readrnxnavb: ver=2.10 sys=1
4 decode_eph: ver=2.10 sat=27
4 readrnxnavb: ver=2.10 sys=1
4 decode_eph: ver=2.10 sat= 3
4 readrnxnavb: ver=2.10 sys=1
4 decode_eph: ver=2.10 sat= 8
4 readrnxnavb: ver=2.10 sys=1
4 decode_eph: ver=2.10 sat=11
4 readrnxnavb: ver=2.10 sys=1
4 decode_eph: ver=2.10 sat=15
4 readrnxnavb: ver=2.10 sys=1
4 decode_eph: ver=2.10 sat=16
4 readrnxnavb: ver=2.10 sys=1
4 decode_eph: ver=2.10 sat=19
4 readrnxnavb: ver=2.10 sys=1
4 decode_eph: ver=2.10 sat=20
4 readrnxnavb: ver=2.10 sys=1
4 decode_eph: ver=2.10 sat=22
4 readrnxnavb: ver=2.10 sys=1
4 decode_eph: ver=2.10 sat=24
4 readrnxnavb: ver=2.10 sys=1
4 decode_eph: ver=2.10 sat=27
4 readrnxnavb: ver=2.10 sys=1
4 decode_eph: ver=2.10 sat=28
4 readrnxnavb: ver=2.10 sys=1
4 decode_eph: ver=2.10 sat= 7
4 readrnxnavb: ver=2.10 sys=1
3 sortobs: nobs=948
3 uniqnav: neph=162 ngeph=0 nseph=0
3 uniqeph: n=162
4 uniqeph: n=162
3 uniqgeph: ng=0
3 uniqseph: ns=0
3 outhead: outfile=D:\\source\\RTKLIB-rtklib_2.4.3\\rtklib\\out.pos n=2
3     0.076: createdir: path=D:\\source\\RTKLIB-rtklib_2.4.3\\rtklib\\out.pos
2 directory generation error: dir=D:\\source\
3 outheader: n=2
3 openfile: outfile=D:\\source\\RTKLIB-rtklib_2.4.3\\rtklib\\out.pos
3 procpos : mode=0
3 rtkinit :
3 infunc  : revs=0 iobsu=0 iobsr=0 isbs=0
3 rtkpos  : time=2005/04/02 00:00:00.000 n=8
4 obs=
 ( 1) 2005/04/02 00:00:00.000 G03 rcv1  55923622.160  43647388.242  24767686.375  24767684.822 0 0 1 20 0.0 0.0
 ( 2) 2005/04/02 00:00:00.000 G07 rcv1   -691177.898   -537007.140  24361933.475  24361930.599 0 0 1 20 0.0 0.0
 ( 3) 2005/04/02 00:00:00.000 G08 rcv1  17984490.035  14018464.809  23407378.219  23407374.320 0 0 1 20 0.0 0.0
 ( 4) 2005/04/02 00:00:00.000 G11 rcv1   7712103.227   6019854.642  20311445.258  20311439.442 0 0 1 20 0.0 0.0
 ( 5) 2005/04/02 00:00:00.000 G19 rcv1  36724126.590  28621450.827  22613015.950  22613010.110 0 0 1 20 0.0 0.0
 ( 6) 2005/04/02 00:00:00.000 G20 rcv1  -5764048.758  -4479034.461  21565852.190  21565847.229 0 0 1 20 0.0 0.0
 ( 7) 2005/04/02 00:00:00.000 G24 rcv1  -2292750.457  -1749426.201  22276378.821  22276375.748 0 0 1 20 0.0 0.0
 ( 8) 2005/04/02 00:00:00.000 G28 rcv1  -5448227.324  -4238014.209  21543408.487  21543403.046 0 0 1 20 0.0 0.0
